0 verbose cli C:\Program Files\nodejs\node.exe C:\Program Files\nodejs\node_modules\npm\bin\npm-cli.js
1 info using npm@10.9.0
2 info using node@v22.12.0
3 silly config load:file:C:\Program Files\nodejs\node_modules\npm\npmrc
4 silly config load:file:D:\Jignesh\Coding\Web development course\AI for Growth\interview-ai\Frontend\.npmrc
5 silly config load:file:C:\Users\Makwana's Com\.npmrc
6 silly config load:file:C:\Users\Makwana's Com\AppData\Roaming\npm\etc\npmrc
7 verbose title npm install
8 verbose argv "install"
9 verbose logfile logs-max:10 dir:D:\Jignesh\Coding\Web development course\AI for Growth\interview-ai\npm-cache\_logs\2026-04-01T14_54_08_464Z-
10 verbose logfile D:\Jignesh\Coding\Web development course\AI for Growth\interview-ai\npm-cache\_logs\2026-04-01T14_54_08_464Z-debug-0.log
11 silly logfile done cleaning log files
12 silly packumentCache heap:2197815296 maxSize:549453824 maxEntrySize:274726912
13 silly idealTree buildDeps
14 silly reify moves {}
15 silly audit bulk request {
15 silly audit   '@babel/code-frame': [ '7.29.0' ],
15 silly audit   '@babel/compat-data': [ '7.29.0' ],
15 silly audit   '@babel/core': [ '7.29.0' ],
15 silly audit   '@babel/generator': [ '7.29.1' ],
15 silly audit   '@babel/helper-compilation-targets': [ '7.28.6' ],
15 silly audit   '@babel/helper-globals': [ '7.28.0' ],
15 silly audit   '@babel/helper-module-imports': [ '7.28.6' ],
15 silly audit   '@babel/helper-module-transforms': [ '7.28.6' ],
15 silly audit   '@babel/helper-plugin-utils': [ '7.28.6' ],
15 silly audit   '@babel/helper-string-parser': [ '7.27.1' ],
15 silly audit   '@babel/helper-validator-identifier': [ '7.28.5' ],
15 silly audit   '@babel/helper-validator-option': [ '7.27.1' ],
15 silly audit   '@babel/helpers': [ '7.28.6' ],
15 silly audit   '@babel/parser': [ '7.29.0' ],
15 silly audit   '@babel/plugin-transform-react-jsx-self': [ '7.27.1' ],
15 silly audit   '@babel/plugin-transform-react-jsx-source': [ '7.27.1' ],
15 silly audit   '@babel/template': [ '7.28.6' ],
15 silly audit   '@babel/traverse': [ '7.29.0' ],
15 silly audit   '@babel/types': [ '7.29.0' ],
15 silly audit   '@emotion/is-prop-valid': [ '1.4.0' ],
15 silly audit   '@emotion/memoize': [ '0.9.0' ],
15 silly audit   '@emotion/unitless': [ '0.10.0' ],
15 silly audit   '@esbuild/aix-ppc64': [ '0.27.3' ],
15 silly audit   '@esbuild/android-arm': [ '0.27.3' ],
15 silly audit   '@esbuild/android-arm64': [ '0.27.3' ],
15 silly audit   '@esbuild/android-x64': [ '0.27.3' ],
15 silly audit   '@esbuild/darwin-arm64': [ '0.27.3' ],
15 silly audit   '@esbuild/darwin-x64': [ '0.27.3' ],
15 silly audit   '@esbuild/freebsd-arm64': [ '0.27.3' ],
15 silly audit   '@esbuild/freebsd-x64': [ '0.27.3' ],
15 silly audit   '@esbuild/linux-arm': [ '0.27.3' ],
15 silly audit   '@esbuild/linux-arm64': [ '0.27.3' ],
15 silly audit   '@esbuild/linux-ia32': [ '0.27.3' ],
15 silly audit   '@esbuild/linux-loong64': [ '0.27.3' ],
15 silly audit   '@esbuild/linux-mips64el': [ '0.27.3' ],
15 silly audit   '@esbuild/linux-ppc64': [ '0.27.3' ],
15 silly audit   '@esbuild/linux-riscv64': [ '0.27.3' ],
15 silly audit   '@esbuild/linux-s390x': [ '0.27.3' ],
15 silly audit   '@esbuild/linux-x64': [ '0.27.3' ],
15 silly audit   '@esbuild/netbsd-arm64': [ '0.27.3' ],
15 silly audit   '@esbuild/netbsd-x64': [ '0.27.3' ],
15 silly audit   '@esbuild/openbsd-arm64': [ '0.27.3' ],
15 silly audit   '@esbuild/openbsd-x64': [ '0.27.3' ],
15 silly audit   '@esbuild/openharmony-arm64': [ '0.27.3' ],
15 silly audit   '@esbuild/sunos-x64': [ '0.27.3' ],
15 silly audit   '@esbuild/win32-arm64': [ '0.27.3' ],
15 silly audit   '@esbuild/win32-ia32': [ '0.27.3' ],
15 silly audit   '@esbuild/win32-x64': [ '0.27.3' ],
15 silly audit   '@eslint-community/eslint-utils': [ '4.9.1' ],
15 silly audit   'eslint-visitor-keys': [ '3.4.3', '4.2.1' ],
15 silly audit   '@eslint-community/regexpp': [ '4.12.2' ],
15 silly audit   '@eslint/config-array': [ '0.21.1' ],
15 silly audit   '@eslint/config-helpers': [ '0.4.2' ],
15 silly audit   '@eslint/core': [ '0.17.0' ],
15 silly audit   '@eslint/eslintrc': [ '3.3.3' ],
15 silly audit   globals: [ '14.0.0', '16.5.0' ],
15 silly audit   '@eslint/js': [ '9.39.2' ],
15 silly audit   '@eslint/object-schema': [ '2.1.7' ],
15 silly audit   '@eslint/plugin-kit': [ '0.4.1' ],
15 silly audit   '@humanfs/core': [ '0.19.1' ],
15 silly audit   '@humanfs/node': [ '0.16.7' ],
15 silly audit   '@humanwhocodes/module-importer': [ '1.0.1' ],
15 silly audit   '@humanwhocodes/retry': [ '0.4.3' ],
15 silly audit   '@jridgewell/gen-mapping': [ '0.3.13' ],
15 silly audit   '@jridgewell/remapping': [ '2.3.5' ],
15 silly audit   '@jridgewell/resolve-uri': [ '3.1.2' ],
15 silly audit   '@jridgewell/sourcemap-codec': [ '1.5.5' ],
15 silly audit   '@jridgewell/trace-mapping': [ '0.3.31' ],
15 silly audit   '@parcel/watcher': [ '2.5.6' ],
15 silly audit   '@parcel/watcher-android-arm64': [ '2.5.6' ],
15 silly audit   '@parcel/watcher-darwin-arm64': [ '2.5.6' ],
15 silly audit   '@parcel/watcher-darwin-x64': [ '2.5.6' ],
15 silly audit   '@parcel/watcher-freebsd-x64': [ '2.5.6' ],
15 silly audit   '@parcel/watcher-linux-arm-glibc': [ '2.5.6' ],
15 silly audit   '@parcel/watcher-linux-arm-musl': [ '2.5.6' ],
15 silly audit   '@parcel/watcher-linux-arm64-glibc': [ '2.5.6' ],
15 silly audit   '@parcel/watcher-linux-arm64-musl': [ '2.5.6' ],
15 silly audit   '@parcel/watcher-linux-x64-glibc': [ '2.5.6' ],
15 silly audit   '@parcel/watcher-linux-x64-musl': [ '2.5.6' ],
15 silly audit   '@parcel/watcher-win32-arm64': [ '2.5.6' ],
15 silly audit   '@parcel/watcher-win32-ia32': [ '2.5.6' ],
15 silly audit   '@parcel/watcher-win32-x64': [ '2.5.6' ],
15 silly audit   '@rolldown/pluginutils': [ '1.0.0-rc.3' ],
15 silly audit   '@rollup/rollup-android-arm-eabi': [ '4.57.1' ],
15 silly audit   '@rollup/rollup-android-arm64': [ '4.57.1' ],
15 silly audit   '@rollup/rollup-darwin-arm64': [ '4.57.1' ],
15 silly audit   '@rollup/rollup-darwin-x64': [ '4.57.1' ],
15 silly audit   '@rollup/rollup-freebsd-arm64': [ '4.57.1' ],
15 silly audit   '@rollup/rollup-freebsd-x64': [ '4.57.1' ],
15 silly audit   '@rollup/rollup-linux-arm-gnueabihf': [ '4.57.1' ],
15 silly audit   '@rollup/rollup-linux-arm-musleabihf': [ '4.57.1' ],
15 silly audit   '@rollup/rollup-linux-arm64-gnu': [ '4.57.1' ],
15 silly audit   '@rollup/rollup-linux-arm64-musl': [ '4.57.1' ],
15 silly audit   '@rollup/rollup-linux-loong64-gnu': [ '4.57.1' ],
15 silly audit   '@rollup/rollup-linux-loong64-musl': [ '4.57.1' ],
15 silly audit   '@rollup/rollup-linux-ppc64-gnu': [ '4.57.1' ],
15 silly audit   '@rollup/rollup-linux-ppc64-musl': [ '4.57.1' ],
15 silly audit   '@rollup/rollup-linux-riscv64-gnu': [ '4.57.1' ],
15 silly audit   '@rollup/rollup-linux-riscv64-musl': [ '4.57.1' ],
15 silly audit   '@rollup/rollup-linux-s390x-gnu': [ '4.57.1' ],
15 silly audit   '@rollup/rollup-linux-x64-gnu': [ '4.57.1' ],
15 silly audit   '@rollup/rollup-linux-x64-musl': [ '4.57.1' ],
15 silly audit   '@rollup/rollup-openbsd-x64': [ '4.57.1' ],
15 silly audit   '@rollup/rollup-openharmony-arm64': [ '4.57.1' ],
15 silly audit   '@rollup/rollup-win32-arm64-msvc': [ '4.57.1' ],
15 silly audit   '@rollup/rollup-win32-ia32-msvc': [ '4.57.1' ],
15 silly audit   '@rollup/rollup-win32-x64-gnu': [ '4.57.1' ],
15 silly audit   '@rollup/rollup-win32-x64-msvc': [ '4.57.1' ],
15 silly audit   '@types/babel__core': [ '7.20.5' ],
15 silly audit   '@types/babel__generator': [ '7.27.0' ],
15 silly audit   '@types/babel__template': [ '7.4.4' ],
15 silly audit   '@types/babel__traverse': [ '7.28.0' ],
15 silly audit   '@types/estree': [ '1.0.8' ],
15 silly audit   '@types/json-schema': [ '7.0.15' ],
15 silly audit   '@types/react': [ '19.2.14' ],
15 silly audit   '@types/react-dom': [ '19.2.3' ],
15 silly audit   '@types/stylis': [ '4.2.7' ],
15 silly audit   '@vitejs/plugin-react': [ '5.1.4' ],
15 silly audit   acorn: [ '8.16.0' ],
15 silly audit   'acorn-jsx': [ '5.3.2' ],
15 silly audit   ajv: [ '6.12.6' ],
15 silly audit   'ansi-styles': [ '4.3.0' ],
15 silly audit   argparse: [ '2.0.1' ],
15 silly audit   asynckit: [ '0.4.0' ],
15 silly audit   axios: [ '1.13.5' ],
15 silly audit   'balanced-match': [ '1.0.2' ],
15 silly audit   'baseline-browser-mapping': [ '2.10.0' ],
15 silly audit   'brace-expansion': [ '1.1.12' ],
15 silly audit   browserslist: [ '4.28.1' ],
15 silly audit   'call-bind-apply-helpers': [ '1.0.2' ],
15 silly audit   callsites: [ '3.1.0' ],
15 silly audit   camelize: [ '1.0.1' ],
15 silly audit   'caniuse-lite': [ '1.0.30001770' ],
15 silly audit   chalk: [ '4.1.2' ],
15 silly audit   chokidar: [ '4.0.3' ],
15 silly audit   'color-convert': [ '2.0.1' ],
15 silly audit   'color-name': [ '1.1.4' ],
15 silly audit   'combined-stream': [ '1.0.8' ],
15 silly audit   'concat-map': [ '0.0.1' ],
15 silly audit   'convert-source-map': [ '2.0.0' ],
15 silly audit   cookie: [ '1.1.1' ],
15 silly audit   'cross-spawn': [ '7.0.6' ],
15 silly audit   'css-color-keywords': [ '1.0.0' ],
15 silly audit   'css-to-react-native': [ '3.2.0' ],
15 silly audit   csstype: [ '3.2.3' ],
15 silly audit   debug: [ '4.4.3' ],
15 silly audit   'deep-is': [ '0.1.4' ],
15 silly audit   'delayed-stream': [ '1.0.0' ],
15 silly audit   'detect-libc': [ '2.1.2' ],
15 silly audit   'dunder-proto': [ '1.0.1' ],
15 silly audit   'electron-to-chromium': [ '1.5.286' ],
15 silly audit   'es-define-property': [ '1.0.1' ],
15 silly audit   'es-errors': [ '1.3.0' ],
15 silly audit   'es-object-atoms': [ '1.1.1' ],
15 silly audit   'es-set-tostringtag': [ '2.1.0' ],
15 silly audit   esbuild: [ '0.27.3' ],
15 silly audit   escalade: [ '3.2.0' ],
15 silly audit   'escape-string-regexp': [ '4.0.0' ],
15 silly audit   eslint: [ '9.39.2' ],
15 silly audit   'eslint-plugin-react-hooks': [ '7.0.1' ],
15 silly audit   'eslint-plugin-react-refresh': [ '0.4.26' ],
15 silly audit   'eslint-scope': [ '8.4.0' ],
15 silly audit   espree: [ '10.4.0' ],
15 silly audit   esquery: [ '1.7.0' ],
15 silly audit   esrecurse: [ '4.3.0' ],
15 silly audit   estraverse: [ '5.3.0' ],
15 silly audit   esutils: [ '2.0.3' ],
15 silly audit   'fast-deep-equal': [ '3.1.3' ],
15 silly audit   'fast-json-stable-stringify': [ '2.1.0' ],
15 silly audit   'fast-levenshtein': [ '2.0.6' ],
15 silly audit   fdir: [ '6.5.0' ],
15 silly audit   'file-entry-cache': [ '8.0.0' ],
15 silly audit   'find-up': [ '5.0.0' ],
15 silly audit   'flat-cache': [ '4.0.1' ],
15 silly audit   flatted: [ '3.3.3' ],
15 silly audit   'follow-redirects': [ '1.15.11' ],
15 silly audit   'form-data': [ '4.0.5' ],
15 silly audit   fsevents: [ '2.3.3' ],
15 silly audit   'function-bind': [ '1.1.2' ],
15 silly audit   gensync: [ '1.0.0-beta.2' ],
15 silly audit   'get-intrinsic': [ '1.3.0' ],
15 silly audit   'get-proto': [ '1.0.1' ],
15 silly audit   'glob-parent': [ '6.0.2' ],
15 silly audit   gopd: [ '1.2.0' ],
15 silly audit   'has-flag': [ '4.0.0' ],
15 silly audit   'has-symbols': [ '1.1.0' ],
15 silly audit   'has-tostringtag': [ '1.0.2' ],
15 silly audit   hasown: [ '2.0.2' ],
15 silly audit   'hermes-estree': [ '0.25.1' ],
15 silly audit   'hermes-parser': [ '0.25.1' ],
15 silly audit   ignore: [ '5.3.2' ],
15 silly audit   immutable: [ '5.1.4' ],
15 silly audit   'import-fresh': [ '3.3.1' ],
15 silly audit   imurmurhash: [ '0.1.4' ],
15 silly audit   'is-extglob': [ '2.1.1' ],
15 silly audit   'is-glob': [ '4.0.3' ],
15 silly audit   isexe: [ '2.0.0' ],
15 silly audit   'js-tokens': [ '4.0.0' ],
15 silly audit   'js-yaml': [ '4.1.1' ],
15 silly audit   jsesc: [ '3.1.0' ],
15 silly audit   'json-buffer': [ '3.0.1' ],
15 silly audit   'json-schema-traverse': [ '0.4.1' ],
15 silly audit   'json-stable-stringify-without-jsonify': [ '1.0.1' ],
15 silly audit   json5: [ '2.2.3' ],
15 silly audit   keyv: [ '4.5.4' ],
15 silly audit   levn: [ '0.4.1' ],
15 silly audit   'locate-path': [ '6.0.0' ],
15 silly audit   'lodash.merge': [ '4.6.2' ],
15 silly audit   'lru-cache': [ '5.1.1' ],
15 silly audit   'math-intrinsics': [ '1.1.0' ],
15 silly audit   'mime-db': [ '1.52.0' ],
15 silly audit   'mime-types': [ '2.1.35' ],
15 silly audit   minimatch: [ '3.1.2' ],
15 silly audit   ms: [ '2.1.3' ],
15 silly audit   nanoid: [ '3.3.11' ],
15 silly audit   'natural-compare': [ '1.4.0' ],
15 silly audit   'node-addon-api': [ '7.1.1' ],
15 silly audit   'node-releases': [ '2.0.27' ],
15 silly audit   optionator: [ '0.9.4' ],
15 silly audit   'p-limit': [ '3.1.0' ],
15 silly audit   'p-locate': [ '5.0.0' ],
15 silly audit   'parent-module': [ '1.0.1' ],
15 silly audit   'path-exists': [ '4.0.0' ],
15 silly audit   'path-key': [ '3.1.1' ],
15 silly audit   picocolors: [ '1.1.1' ],
15 silly audit   picomatch: [ '4.0.3' ],
15 silly audit   postcss: [ '8.5.6', '8.4.49' ],
15 silly audit   'postcss-value-parser': [ '4.2.0' ],
15 silly audit   'prelude-ls': [ '1.2.1' ],
15 silly audit   'proxy-from-env': [ '1.1.0' ],
15 silly audit   punycode: [ '2.3.1' ],
15 silly audit   react: [ '19.2.4' ],
15 silly audit   'react-dom': [ '19.2.4' ],
15 silly audit   'react-refresh': [ '0.18.0' ],
15 silly audit   'react-router': [ '7.13.0' ],
15 silly audit   readdirp: [ '4.1.2' ],
15 silly audit   'resolve-from': [ '4.0.0' ],
15 silly audit   rollup: [ '4.57.1' ],
15 silly audit   sass: [ '1.97.3' ],
15 silly audit   scheduler: [ '0.27.0' ],
15 silly audit   semver: [ '6.3.1' ],
15 silly audit   'set-cookie-parser': [ '2.7.2' ],
15 silly audit   shallowequal: [ '1.1.0' ],
15 silly audit   'shebang-command': [ '2.0.0' ],
15 silly audit   'shebang-regex': [ '3.0.0' ],
15 silly audit   'source-map-js': [ '1.2.1' ],
15 silly audit   'strip-json-comments': [ '3.1.1' ],
15 silly audit   'styled-components': [ '6.3.12' ],
15 silly audit   stylis: [ '4.3.6' ],
15 silly audit   'supports-color': [ '7.2.0' ],
15 silly audit   tinyglobby: [ '0.2.15' ],
15 silly audit   tslib: [ '2.8.1' ],
15 silly audit   'type-check': [ '0.4.0' ],
15 silly audit   'update-browserslist-db': [ '1.2.3' ],
15 silly audit   'uri-js': [ '4.4.1' ],
15 silly audit   vite: [ '7.3.1' ],
15 silly audit   which: [ '2.0.2' ],
15 silly audit   'word-wrap': [ '1.2.5' ],
15 silly audit   yallist: [ '3.1.1' ],
15 silly audit   'yocto-queue': [ '0.1.0' ],
15 silly audit   zod: [ '4.3.6' ],
15 silly audit   'zod-validation-error': [ '4.0.2' ]
15 silly audit }
16 verbose reify failed optional dependency D:\Jignesh\Coding\Web development course\AI for Growth\interview-ai\Frontend\node_modules\fsevents
17 silly reify mark deleted [
17 silly reify   'D:\\Jignesh\\Coding\\Web development course\\AI for Growth\\interview-ai\\Frontend\\node_modules\\fsevents'
17 silly reify ]
18 verbose reify failed optional dependency D:\Jignesh\Coding\Web development course\AI for Growth\interview-ai\Frontend\node_modules\@rollup\rollup-win32-ia32-msvc
19 silly reify mark deleted [
19 silly reify   'D:\\Jignesh\\Coding\\Web development course\\AI for Growth\\interview-ai\\Frontend\\node_modules\\@rollup\\rollup-win32-ia32-msvc'
19 silly reify ]
20 verbose reify failed optional dependency D:\Jignesh\Coding\Web development course\AI for Growth\interview-ai\Frontend\node_modules\@rollup\rollup-win32-arm64-msvc
21 silly reify mark deleted [
21 silly reify   'D:\\Jignesh\\Coding\\Web development course\\AI for Growth\\interview-ai\\Frontend\\node_modules\\@rollup\\rollup-win32-arm64-msvc'
21 silly reify ]
22 verbose reify failed optional dependency D:\Jignesh\Coding\Web development course\AI for Growth\interview-ai\Frontend\node_modules\@rollup\rollup-openharmony-arm64
23 silly reify mark deleted [
23 silly reify   'D:\\Jignesh\\Coding\\Web development course\\AI for Growth\\interview-ai\\Frontend\\node_modules\\@rollup\\rollup-openharmony-arm64'
23 silly reify ]
24 verbose reify failed optional dependency D:\Jignesh\Coding\Web development course\AI for Growth\interview-ai\Frontend\node_modules\@rollup\rollup-openbsd-x64
25 silly reify mark deleted [
25 silly reify   'D:\\Jignesh\\Coding\\Web development course\\AI for Growth\\interview-ai\\Frontend\\node_modules\\@rollup\\rollup-openbsd-x64'
25 silly reify ]
26 verbose reify failed optional dependency D:\Jignesh\Coding\Web development course\AI for Growth\interview-ai\Frontend\node_modules\@rollup\rollup-linux-x64-musl
27 silly reify mark deleted [
27 silly reify   'D:\\Jignesh\\Coding\\Web development course\\AI for Growth\\interview-ai\\Frontend\\node_modules\\@rollup\\rollup-linux-x64-musl'
27 silly reify ]
28 verbose reify failed optional dependency D:\Jignesh\Coding\Web development course\AI for Growth\interview-ai\Frontend\node_modules\@rollup\rollup-linux-x64-gnu
29 silly reify mark deleted [
29 silly reify   'D:\\Jignesh\\Coding\\Web development course\\AI for Growth\\interview-ai\\Frontend\\node_modules\\@rollup\\rollup-linux-x64-gnu'
29 silly reify ]
30 verbose reify failed optional dependency D:\Jignesh\Coding\Web development course\AI for Growth\interview-ai\Frontend\node_modules\@rollup\rollup-linux-s390x-gnu
31 silly reify mark deleted [
31 silly reify   'D:\\Jignesh\\Coding\\Web development course\\AI for Growth\\interview-ai\\Frontend\\node_modules\\@rollup\\rollup-linux-s390x-gnu'
31 silly reify ]
32 verbose reify failed optional dependency D:\Jignesh\Coding\Web development course\AI for Growth\interview-ai\Frontend\node_modules\@rollup\rollup-linux-riscv64-musl
33 silly reify mark deleted [
33 silly reify   'D:\\Jignesh\\Coding\\Web development course\\AI for Growth\\interview-ai\\Frontend\\node_modules\\@rollup\\rollup-linux-riscv64-musl'
33 silly reify ]
34 verbose reify failed optional dependency D:\Jignesh\Coding\Web development course\AI for Growth\interview-ai\Frontend\node_modules\@rollup\rollup-linux-riscv64-gnu
35 silly reify mark deleted [
35 silly reify   'D:\\Jignesh\\Coding\\Web development course\\AI for Growth\\interview-ai\\Frontend\\node_modules\\@rollup\\rollup-linux-riscv64-gnu'
35 silly reify ]
36 verbose reify failed optional dependency D:\Jignesh\Coding\Web development course\AI for Growth\interview-ai\Frontend\node_modules\@rollup\rollup-linux-ppc64-musl
37 silly reify mark deleted [
37 silly reify   'D:\\Jignesh\\Coding\\Web development course\\AI for Growth\\interview-ai\\Frontend\\node_modules\\@rollup\\rollup-linux-ppc64-musl'
37 silly reify ]
38 verbose reify failed optional dependency D:\Jignesh\Coding\Web development course\AI for Growth\interview-ai\Frontend\node_modules\@rollup\rollup-linux-ppc64-gnu
39 silly reify mark deleted [
39 silly reify   'D:\\Jignesh\\Coding\\Web development course\\AI for Growth\\interview-ai\\Frontend\\node_modules\\@rollup\\rollup-linux-ppc64-gnu'
39 silly reify ]
40 verbose reify failed optional dependency D:\Jignesh\Coding\Web development course\AI for Growth\interview-ai\Frontend\node_modules\@rollup\rollup-linux-loong64-musl
41 silly reify mark deleted [
41 silly reify   'D:\\Jignesh\\Coding\\Web development course\\AI for Growth\\interview-ai\\Frontend\\node_modules\\@rollup\\rollup-linux-loong64-musl'
41 silly reify ]
42 verbose reify failed optional dependency D:\Jignesh\Coding\Web development course\AI for Growth\interview-ai\Frontend\node_modules\@rollup\rollup-linux-loong64-gnu
43 silly reify mark deleted [
43 silly reify   'D:\\Jignesh\\Coding\\Web development course\\AI for Growth\\interview-ai\\Frontend\\node_modules\\@rollup\\rollup-linux-loong64-gnu'
43 silly reify ]
44 verbose reify failed optional dependency D:\Jignesh\Coding\Web development course\AI for Growth\interview-ai\Frontend\node_modules\@rollup\rollup-linux-arm64-musl
45 silly reify mark deleted [
45 silly reify   'D:\\Jignesh\\Coding\\Web development course\\AI for Growth\\interview-ai\\Frontend\\node_modules\\@rollup\\rollup-linux-arm64-musl'
45 silly reify ]
46 verbose reify failed optional dependency D:\Jignesh\Coding\Web development course\AI for Growth\interview-ai\Frontend\node_modules\@rollup\rollup-linux-arm64-gnu
47 silly reify mark deleted [
47 silly reify   'D:\\Jignesh\\Coding\\Web development course\\AI for Growth\\interview-ai\\Frontend\\node_modules\\@rollup\\rollup-linux-arm64-gnu'
47 silly reify ]
48 verbose reify failed optional dependency D:\Jignesh\Coding\Web development course\AI for Growth\interview-ai\Frontend\node_modules\@rollup\rollup-linux-arm-musleabihf
49 silly reify mark deleted [
49 silly reify   'D:\\Jignesh\\Coding\\Web development course\\AI for Growth\\interview-ai\\Frontend\\node_modules\\@rollup\\rollup-linux-arm-musleabihf'
49 silly reify ]
50 verbose reify failed optional dependency D:\Jignesh\Coding\Web development course\AI for Growth\interview-ai\Frontend\node_modules\@rollup\rollup-linux-arm-gnueabihf
51 silly reify mark deleted [
51 silly reify   'D:\\Jignesh\\Coding\\Web development course\\AI for Growth\\interview-ai\\Frontend\\node_modules\\@rollup\\rollup-linux-arm-gnueabihf'
51 silly reify ]
52 verbose reify failed optional dependency D:\Jignesh\Coding\Web development course\AI for Growth\interview-ai\Frontend\node_modules\@rollup\rollup-freebsd-x64
53 silly reify mark deleted [
53 silly reify   'D:\\Jignesh\\Coding\\Web development course\\AI for Growth\\interview-ai\\Frontend\\node_modules\\@rollup\\rollup-freebsd-x64'
53 silly reify ]
54 verbose reify failed optional dependency D:\Jignesh\Coding\Web development course\AI for Growth\interview-ai\Frontend\node_modules\@rollup\rollup-freebsd-arm64
55 silly reify mark deleted [
55 silly reify   'D:\\Jignesh\\Coding\\Web development course\\AI for Growth\\interview-ai\\Frontend\\node_modules\\@rollup\\rollup-freebsd-arm64'
55 silly reify ]
56 verbose reify failed optional dependency D:\Jignesh\Coding\Web development course\AI for Growth\interview-ai\Frontend\node_modules\@rollup\rollup-darwin-x64
57 silly reify mark deleted [
57 silly reify   'D:\\Jignesh\\Coding\\Web development course\\AI for Growth\\interview-ai\\Frontend\\node_modules\\@rollup\\rollup-darwin-x64'
57 silly reify ]
58 verbose reify failed optional dependency D:\Jignesh\Coding\Web development course\AI for Growth\interview-ai\Frontend\node_modules\@rollup\rollup-darwin-arm64
59 silly reify mark deleted [
59 silly reify   'D:\\Jignesh\\Coding\\Web development course\\AI for Growth\\interview-ai\\Frontend\\node_modules\\@rollup\\rollup-darwin-arm64'
59 silly reify ]
60 verbose reify failed optional dependency D:\Jignesh\Coding\Web development course\AI for Growth\interview-ai\Frontend\node_modules\@rollup\rollup-android-arm64
61 silly reify mark deleted [
61 silly reify   'D:\\Jignesh\\Coding\\Web development course\\AI for Growth\\interview-ai\\Frontend\\node_modules\\@rollup\\rollup-android-arm64'
61 silly reify ]
62 verbose reify failed optional dependency D:\Jignesh\Coding\Web development course\AI for Growth\interview-ai\Frontend\node_modules\@rollup\rollup-android-arm-eabi
63 silly reify mark deleted [
63 silly reify   'D:\\Jignesh\\Coding\\Web development course\\AI for Growth\\interview-ai\\Frontend\\node_modules\\@rollup\\rollup-android-arm-eabi'
63 silly reify ]
64 verbose reify failed optional dependency D:\Jignesh\Coding\Web development course\AI for Growth\interview-ai\Frontend\node_modules\@parcel\watcher-win32-ia32
65 silly reify mark deleted [
65 silly reify   'D:\\Jignesh\\Coding\\Web development course\\AI for Growth\\interview-ai\\Frontend\\node_modules\\@parcel\\watcher-win32-ia32'
65 silly reify ]
66 verbose reify failed optional dependency D:\Jignesh\Coding\Web development course\AI for Growth\interview-ai\Frontend\node_modules\@parcel\watcher-win32-arm64
67 silly reify mark deleted [
67 silly reify   'D:\\Jignesh\\Coding\\Web development course\\AI for Growth\\interview-ai\\Frontend\\node_modules\\@parcel\\watcher-win32-arm64'
67 silly reify ]
68 verbose reify failed optional dependency D:\Jignesh\Coding\Web development course\AI for Growth\interview-ai\Frontend\node_modules\@parcel\watcher-linux-x64-musl
69 silly reify mark deleted [
69 silly reify   'D:\\Jignesh\\Coding\\Web development course\\AI for Growth\\interview-ai\\Frontend\\node_modules\\@parcel\\watcher-linux-x64-musl'
69 silly reify ]
70 verbose reify failed optional dependency D:\Jignesh\Coding\Web development course\AI for Growth\interview-ai\Frontend\node_modules\@parcel\watcher-linux-x64-glibc
71 silly reify mark deleted [
71 silly reify   'D:\\Jignesh\\Coding\\Web development course\\AI for Growth\\interview-ai\\Frontend\\node_modules\\@parcel\\watcher-linux-x64-glibc'
71 silly reify ]
72 verbose reify failed optional dependency D:\Jignesh\Coding\Web development course\AI for Growth\interview-ai\Frontend\node_modules\@parcel\watcher-linux-arm64-musl
73 silly reify mark deleted [
73 silly reify   'D:\\Jignesh\\Coding\\Web development course\\AI for Growth\\interview-ai\\Frontend\\node_modules\\@parcel\\watcher-linux-arm64-musl'
73 silly reify ]
74 verbose reify failed optional dependency D:\Jignesh\Coding\Web development course\AI for Growth\interview-ai\Frontend\node_modules\@parcel\watcher-linux-arm64-glibc
75 silly reify mark deleted [
75 silly reify   'D:\\Jignesh\\Coding\\Web development course\\AI for Growth\\interview-ai\\Frontend\\node_modules\\@parcel\\watcher-linux-arm64-glibc'
75 silly reify ]
76 verbose reify failed optional dependency D:\Jignesh\Coding\Web development course\AI for Growth\interview-ai\Frontend\node_modules\@parcel\watcher-linux-arm-musl
77 silly reify mark deleted [
77 silly reify   'D:\\Jignesh\\Coding\\Web development course\\AI for Growth\\interview-ai\\Frontend\\node_modules\\@parcel\\watcher-linux-arm-musl'
77 silly reify ]
78 verbose reify failed optional dependency D:\Jignesh\Coding\Web development course\AI for Growth\interview-ai\Frontend\node_modules\@parcel\watcher-linux-arm-glibc
79 silly reify mark deleted [
79 silly reify   'D:\\Jignesh\\Coding\\Web development course\\AI for Growth\\interview-ai\\Frontend\\node_modules\\@parcel\\watcher-linux-arm-glibc'
79 silly reify ]
80 verbose reify failed optional dependency D:\Jignesh\Coding\Web development course\AI for Growth\interview-ai\Frontend\node_modules\@parcel\watcher-freebsd-x64
81 silly reify mark deleted [
81 silly reify   'D:\\Jignesh\\Coding\\Web development course\\AI for Growth\\interview-ai\\Frontend\\node_modules\\@parcel\\watcher-freebsd-x64'
81 silly reify ]
82 verbose reify failed optional dependency D:\Jignesh\Coding\Web development course\AI for Growth\interview-ai\Frontend\node_modules\@parcel\watcher-darwin-x64
83 silly reify mark deleted [
83 silly reify   'D:\\Jignesh\\Coding\\Web development course\\AI for Growth\\interview-ai\\Frontend\\node_modules\\@parcel\\watcher-darwin-x64'
83 silly reify ]
84 verbose reify failed optional dependency D:\Jignesh\Coding\Web development course\AI for Growth\interview-ai\Frontend\node_modules\@parcel\watcher-darwin-arm64
85 silly reify mark deleted [
85 silly reify   'D:\\Jignesh\\Coding\\Web development course\\AI for Growth\\interview-ai\\Frontend\\node_modules\\@parcel\\watcher-darwin-arm64'
85 silly reify ]
86 verbose reify failed optional dependency D:\Jignesh\Coding\Web development course\AI for Growth\interview-ai\Frontend\node_modules\@parcel\watcher-android-arm64
87 silly reify mark deleted [
87 silly reify   'D:\\Jignesh\\Coding\\Web development course\\AI for Growth\\interview-ai\\Frontend\\node_modules\\@parcel\\watcher-android-arm64'
87 silly reify ]
88 verbose reify failed optional dependency D:\Jignesh\Coding\Web development course\AI for Growth\interview-ai\Frontend\node_modules\@esbuild\win32-ia32
89 silly reify mark deleted [
89 silly reify   'D:\\Jignesh\\Coding\\Web development course\\AI for Growth\\interview-ai\\Frontend\\node_modules\\@esbuild\\win32-ia32'
89 silly reify ]
90 verbose reify failed optional dependency D:\Jignesh\Coding\Web development course\AI for Growth\interview-ai\Frontend\node_modules\@esbuild\win32-arm64
91 silly reify mark deleted [
91 silly reify   'D:\\Jignesh\\Coding\\Web development course\\AI for Growth\\interview-ai\\Frontend\\node_modules\\@esbuild\\win32-arm64'
91 silly reify ]
92 verbose reify failed optional dependency D:\Jignesh\Coding\Web development course\AI for Growth\interview-ai\Frontend\node_modules\@esbuild\sunos-x64
93 silly reify mark deleted [
93 silly reify   'D:\\Jignesh\\Coding\\Web development course\\AI for Growth\\interview-ai\\Frontend\\node_modules\\@esbuild\\sunos-x64'
93 silly reify ]
94 verbose reify failed optional dependency D:\Jignesh\Coding\Web development course\AI for Growth\interview-ai\Frontend\node_modules\@esbuild\openharmony-arm64
95 silly reify mark deleted [
95 silly reify   'D:\\Jignesh\\Coding\\Web development course\\AI for Growth\\interview-ai\\Frontend\\node_modules\\@esbuild\\openharmony-arm64'
95 silly reify ]
96 verbose reify failed optional dependency D:\Jignesh\Coding\Web development course\AI for Growth\interview-ai\Frontend\node_modules\@esbuild\openbsd-x64
97 silly reify mark deleted [
97 silly reify   'D:\\Jignesh\\Coding\\Web development course\\AI for Growth\\interview-ai\\Frontend\\node_modules\\@esbuild\\openbsd-x64'
97 silly reify ]
98 verbose reify failed optional dependency D:\Jignesh\Coding\Web development course\AI for Growth\interview-ai\Frontend\node_modules\@esbuild\openbsd-arm64
99 silly reify mark deleted [
99 silly reify   'D:\\Jignesh\\Coding\\Web development course\\AI for Growth\\interview-ai\\Frontend\\node_modules\\@esbuild\\openbsd-arm64'
99 silly reify ]
100 verbose reify failed optional dependency D:\Jignesh\Coding\Web development course\AI for Growth\interview-ai\Frontend\node_modules\@esbuild\netbsd-x64
101 silly reify mark deleted [
101 silly reify   'D:\\Jignesh\\Coding\\Web development course\\AI for Growth\\interview-ai\\Frontend\\node_modules\\@esbuild\\netbsd-x64'
101 silly reify ]
102 verbose reify failed optional dependency D:\Jignesh\Coding\Web development course\AI for Growth\interview-ai\Frontend\node_modules\@esbuild\netbsd-arm64
103 silly reify mark deleted [
103 silly reify   'D:\\Jignesh\\Coding\\Web development course\\AI for Growth\\interview-ai\\Frontend\\node_modules\\@esbuild\\netbsd-arm64'
103 silly reify ]
104 verbose reify failed optional dependency D:\Jignesh\Coding\Web development course\AI for Growth\interview-ai\Frontend\node_modules\@esbuild\linux-x64
105 silly reify mark deleted [
105 silly reify   'D:\\Jignesh\\Coding\\Web development course\\AI for Growth\\interview-ai\\Frontend\\node_modules\\@esbuild\\linux-x64'
105 silly reify ]
106 verbose reify failed optional dependency D:\Jignesh\Coding\Web development course\AI for Growth\interview-ai\Frontend\node_modules\@esbuild\linux-s390x
107 silly reify mark deleted [
107 silly reify   'D:\\Jignesh\\Coding\\Web development course\\AI for Growth\\interview-ai\\Frontend\\node_modules\\@esbuild\\linux-s390x'
107 silly reify ]
108 verbose reify failed optional dependency D:\Jignesh\Coding\Web development course\AI for Growth\interview-ai\Frontend\node_modules\@esbuild\linux-riscv64
109 silly reify mark deleted [
109 silly reify   'D:\\Jignesh\\Coding\\Web development course\\AI for Growth\\interview-ai\\Frontend\\node_modules\\@esbuild\\linux-riscv64'
109 silly reify ]
110 verbose reify failed optional dependency D:\Jignesh\Coding\Web development course\AI for Growth\interview-ai\Frontend\node_modules\@esbuild\linux-ppc64
111 silly reify mark deleted [
111 silly reify   'D:\\Jignesh\\Coding\\Web development course\\AI for Growth\\interview-ai\\Frontend\\node_modules\\@esbuild\\linux-ppc64'
111 silly reify ]
112 verbose reify failed optional dependency D:\Jignesh\Coding\Web development course\AI for Growth\interview-ai\Frontend\node_modules\@esbuild\linux-mips64el
113 silly reify mark deleted [
113 silly reify   'D:\\Jignesh\\Coding\\Web development course\\AI for Growth\\interview-ai\\Frontend\\node_modules\\@esbuild\\linux-mips64el'
113 silly reify ]
114 verbose reify failed optional dependency D:\Jignesh\Coding\Web development course\AI for Growth\interview-ai\Frontend\node_modules\@esbuild\linux-loong64
115 silly reify mark deleted [
115 silly reify   'D:\\Jignesh\\Coding\\Web development course\\AI for Growth\\interview-ai\\Frontend\\node_modules\\@esbuild\\linux-loong64'
115 silly reify ]
116 verbose reify failed optional dependency D:\Jignesh\Coding\Web development course\AI for Growth\interview-ai\Frontend\node_modules\@esbuild\linux-ia32
117 silly reify mark deleted [
117 silly reify   'D:\\Jignesh\\Coding\\Web development course\\AI for Growth\\interview-ai\\Frontend\\node_modules\\@esbuild\\linux-ia32'
117 silly reify ]
118 verbose reify failed optional dependency D:\Jignesh\Coding\Web development course\AI for Growth\interview-ai\Frontend\node_modules\@esbuild\linux-arm64
119 silly reify mark deleted [
119 silly reify   'D:\\Jignesh\\Coding\\Web development course\\AI for Growth\\interview-ai\\Frontend\\node_modules\\@esbuild\\linux-arm64'
119 silly reify ]
120 verbose reify failed optional dependency D:\Jignesh\Coding\Web development course\AI for Growth\interview-ai\Frontend\node_modules\@esbuild\linux-arm
121 silly reify mark deleted [
121 silly reify   'D:\\Jignesh\\Coding\\Web development course\\AI for Growth\\interview-ai\\Frontend\\node_modules\\@esbuild\\linux-arm'
121 silly reify ]
122 verbose reify failed optional dependency D:\Jignesh\Coding\Web development course\AI for Growth\interview-ai\Frontend\node_modules\@esbuild\freebsd-x64
123 silly reify mark deleted [
123 silly reify   'D:\\Jignesh\\Coding\\Web development course\\AI for Growth\\interview-ai\\Frontend\\node_modules\\@esbuild\\freebsd-x64'
123 silly reify ]
124 verbose reify failed optional dependency D:\Jignesh\Coding\Web development course\AI for Growth\interview-ai\Frontend\node_modules\@esbuild\freebsd-arm64
125 silly reify mark deleted [
125 silly reify   'D:\\Jignesh\\Coding\\Web development course\\AI for Growth\\interview-ai\\Frontend\\node_modules\\@esbuild\\freebsd-arm64'
125 silly reify ]
126 verbose reify failed optional dependency D:\Jignesh\Coding\Web development course\AI for Growth\interview-ai\Frontend\node_modules\@esbuild\darwin-x64
127 silly reify mark deleted [
127 silly reify   'D:\\Jignesh\\Coding\\Web development course\\AI for Growth\\interview-ai\\Frontend\\node_modules\\@esbuild\\darwin-x64'
127 silly reify ]
128 verbose reify failed optional dependency D:\Jignesh\Coding\Web development course\AI for Growth\interview-ai\Frontend\node_modules\@esbuild\darwin-arm64
129 silly reify mark deleted [
129 silly reify   'D:\\Jignesh\\Coding\\Web development course\\AI for Growth\\interview-ai\\Frontend\\node_modules\\@esbuild\\darwin-arm64'
129 silly reify ]
130 verbose reify failed optional dependency D:\Jignesh\Coding\Web development course\AI for Growth\interview-ai\Frontend\node_modules\@esbuild\android-x64
131 silly reify mark deleted [
131 silly reify   'D:\\Jignesh\\Coding\\Web development course\\AI for Growth\\interview-ai\\Frontend\\node_modules\\@esbuild\\android-x64'
131 silly reify ]
132 verbose reify failed optional dependency D:\Jignesh\Coding\Web development course\AI for Growth\interview-ai\Frontend\node_modules\@esbuild\android-arm64
133 silly reify mark deleted [
133 silly reify   'D:\\Jignesh\\Coding\\Web development course\\AI for Growth\\interview-ai\\Frontend\\node_modules\\@esbuild\\android-arm64'
133 silly reify ]
134 verbose reify failed optional dependency D:\Jignesh\Coding\Web development course\AI for Growth\interview-ai\Frontend\node_modules\@esbuild\android-arm
135 silly reify mark deleted [
135 silly reify   'D:\\Jignesh\\Coding\\Web development course\\AI for Growth\\interview-ai\\Frontend\\node_modules\\@esbuild\\android-arm'
135 silly reify ]
136 verbose reify failed optional dependency D:\Jignesh\Coding\Web development course\AI for Growth\interview-ai\Frontend\node_modules\@esbuild\aix-ppc64
137 silly reify mark deleted [
137 silly reify   'D:\\Jignesh\\Coding\\Web development course\\AI for Growth\\interview-ai\\Frontend\\node_modules\\@esbuild\\aix-ppc64'
137 silly reify ]
138 http fetch POST 200 https://registry.npmjs.org/-/npm/v1/security/advisories/bulk 589ms
139 silly audit report {
139 silly audit report   ajv: [
139 silly audit report     {
139 silly audit report       id: 1113714,
139 silly audit report       url: 'https://github.com/advisories/GHSA-2g4f-4pwh-qvx6',
139 silly audit report       title: 'ajv has ReDoS when using `$data` option',
139 silly audit report       severity: 'moderate',
139 silly audit report       vulnerable_versions: '<6.14.0',
139 silly audit report       cwe: [Array],
139 silly audit report       cvss: [Object]
139 silly audit report     }
139 silly audit report   ],
139 silly audit report   'brace-expansion': [
139 silly audit report     {
139 silly audit report       id: 1115540,
139 silly audit report       url: 'https://github.com/advisories/GHSA-f886-m6hf-6m8v',
139 silly audit report       title: 'brace-expansion: Zero-step sequence causes process hang and memory exhaustion',
139 silly audit report       severity: 'moderate',
139 silly audit report       vulnerable_versions: '<1.1.13',
139 silly audit report       cwe: [Array],
139 silly audit report       cvss: [Object]
139 silly audit report     }
139 silly audit report   ],
139 silly audit report   flatted: [
139 silly audit report     {
139 silly audit report       id: 1114526,
139 silly audit report       url: 'https://github.com/advisories/GHSA-25h7-pfq9-p65f',
139 silly audit report       title: 'flatted vulnerable to unbounded recursion DoS in parse() revive phase',
139 silly audit report       severity: 'high',
139 silly audit report       vulnerable_versions: '<3.4.0',
139 silly audit report       cwe: [Array],
139 silly audit report       cvss: [Object]
139 silly audit report     },
139 silly audit report     {
139 silly audit report       id: 1115357,
139 silly audit report       url: 'https://github.com/advisories/GHSA-rf6f-7fwh-wjgh',
139 silly audit report       title: 'Prototype Pollution via parse() in NodeJS flatted',
139 silly audit report       severity: 'high',
139 silly audit report       vulnerable_versions: '<=3.4.1',
139 silly audit report       cwe: [Array],
139 silly audit report       cvss: [Object]
139 silly audit report     }
139 silly audit report   ],
139 silly audit report   immutable: [
139 silly audit report     {
139 silly audit report       id: 1114168,
139 silly audit report       url: 'https://github.com/advisories/GHSA-wf6x-7x77-mvgw',
139 silly audit report       title: 'Immutable is vulnerable to Prototype Pollution',
139 silly audit report       severity: 'high',
139 silly audit report       vulnerable_versions: '>=5.0.0 <5.1.5',
139 silly audit report       cwe: [Array],
139 silly audit report       cvss: [Object]
139 silly audit report     }
139 silly audit report   ],
139 silly audit report   minimatch: [
139 silly audit report     {
139 silly audit report       id: 1113459,
139 silly audit report       url: 'https://github.com/advisories/GHSA-3ppc-4f35-3m26',
139 silly audit report       title: 'minimatch has a ReDoS via repeated wildcards with non-matching literal in pattern',
139 silly audit report       severity: 'high',
139 silly audit report       vulnerable_versions: '<3.1.3',
139 silly audit report       cwe: [Array],
139 silly audit report       cvss: [Object]
139 silly audit report     },
139 silly audit report     {
139 silly audit report       id: 1113538,
139 silly audit report       url: 'https://github.com/advisories/GHSA-7r86-cg39-jmmj',
139 silly audit report       title: 'minimatch has ReDoS: matchOne() combinatorial backtracking via multiple non-adjacent GLOBSTAR segments',
139 silly audit report       severity: 'high',
139 silly audit report       vulnerable_versions: '<3.1.3',
139 silly audit report       cwe: [Array],
139 silly audit report       cvss: [Object]
139 silly audit report     },
139 silly audit report     {
139 silly audit report       id: 1113546,
139 silly audit report       url: 'https://github.com/advisories/GHSA-23c5-xmqv-rm74',
139 silly audit report       title: 'minimatch ReDoS: nested *() extglobs generate catastrophically backtracking regular expressions',
139 silly audit report       severity: 'high',
139 silly audit report       vulnerable_versions: '<3.1.4',
139 silly audit report       cwe: [Array],
139 silly audit report       cvss: [Object]
139 silly audit report     }
139 silly audit report   ],
139 silly audit report   picomatch: [
139 silly audit report     {
139 silly audit report       id: 1115551,
139 silly audit report       url: 'https://github.com/advisories/GHSA-3v7f-55p6-f55p',
139 silly audit report       title: 'Picomatch: Method Injection in POSIX Character Classes causes incorrect Glob Matching',
139 silly audit report       severity: 'moderate',
139 silly audit report       vulnerable_versions: '>=4.0.0 <4.0.4',
139 silly audit report       cwe: [Array],
139 silly audit report       cvss: [Object]
139 silly audit report     },
139 silly audit report     {
139 silly audit report       id: 1115554,
139 silly audit report       url: 'https://github.com/advisories/GHSA-c2c7-rcm5-vvqj',
139 silly audit report       title: 'Picomatch has a ReDoS vulnerability via extglob quantifiers',
139 silly audit report       severity: 'high',
139 silly audit report       vulnerable_versions: '>=4.0.0 <4.0.4',
139 silly audit report       cwe: [Array],
139 silly audit report       cvss: [Object]
139 silly audit report     }
139 silly audit report   ],
139 silly audit report   rollup: [
139 silly audit report     {
139 silly audit report       id: 1113515,
139 silly audit report       url: 'https://github.com/advisories/GHSA-mw96-cpmx-2vgc',
139 silly audit report       title: 'Rollup 4 has Arbitrary File Write via Path Traversal',
139 silly audit report       severity: 'high',
139 silly audit report       vulnerable_versions: '>=4.0.0 <4.59.0',
139 silly audit report       cwe: [Array],
139 silly audit report       cvss: [Object]
139 silly audit report     }
139 silly audit report   ]
139 silly audit report }
140 silly packumentCache corgi:https://registry.npmjs.org/ajv cache-miss
141 silly packumentCache corgi:https://registry.npmjs.org/brace-expansion cache-miss
142 silly packumentCache corgi:https://registry.npmjs.org/flatted cache-miss
143 silly packumentCache corgi:https://registry.npmjs.org/immutable cache-miss
144 silly packumentCache corgi:https://registry.npmjs.org/minimatch cache-miss
145 silly packumentCache corgi:https://registry.npmjs.org/picomatch cache-miss
146 silly packumentCache corgi:https://registry.npmjs.org/rollup cache-miss
147 http fetch GET 200 https://registry.npmjs.org/brace-expansion 257ms (cache miss)
148 silly packumentCache corgi:https://registry.npmjs.org/brace-expansion set size:undefined disposed:false
149 http fetch GET 200 https://registry.npmjs.org/picomatch 262ms (cache miss)
150 silly packumentCache corgi:https://registry.npmjs.org/picomatch set size:undefined disposed:false
151 http fetch GET 200 https://registry.npmjs.org/flatted 272ms (cache miss)
152 silly packumentCache corgi:https://registry.npmjs.org/flatted set size:undefined disposed:false
153 http fetch GET 200 https://registry.npmjs.org/immutable 276ms (cache miss)
154 silly packumentCache corgi:https://registry.npmjs.org/immutable set size:undefined disposed:false
155 http fetch GET 200 https://registry.npmjs.org/minimatch 340ms (cache miss)
156 silly packumentCache corgi:https://registry.npmjs.org/minimatch set size:undefined disposed:false
157 http fetch GET 200 https://registry.npmjs.org/ajv 380ms (cache miss)
158 silly packumentCache corgi:https://registry.npmjs.org/ajv set size:undefined disposed:false
159 http fetch GET 200 https://registry.npmjs.org/rollup 633ms (cache miss)
160 silly packumentCache corgi:https://registry.npmjs.org/rollup set size:undefined disposed:false
161 silly packumentCache corgi:https://registry.npmjs.org/@eslint%2feslintrc cache-miss
162 silly packumentCache corgi:https://registry.npmjs.org/eslint cache-miss
163 http fetch GET 200 https://registry.npmjs.org/@eslint%2feslintrc 81ms (cache miss)
164 silly packumentCache corgi:https://registry.npmjs.org/@eslint%2feslintrc set size:undefined disposed:false
165 http fetch GET 200 https://registry.npmjs.org/eslint 110ms (cache miss)
166 silly packumentCache corgi:https://registry.npmjs.org/eslint set size:undefined disposed:false
167 silly packumentCache corgi:https://registry.npmjs.org/flat-cache cache-miss
168 http fetch GET 200 https://registry.npmjs.org/flat-cache 64ms (cache miss)
169 silly packumentCache corgi:https://registry.npmjs.org/flat-cache set size:undefined disposed:false
170 silly packumentCache corgi:https://registry.npmjs.org/sass cache-miss
171 http fetch GET 200 https://registry.npmjs.org/sass 82ms (cache miss)
172 silly packumentCache corgi:https://registry.npmjs.org/sass set size:undefined disposed:false
173 silly packumentCache corgi:https://registry.npmjs.org/@eslint%2fconfig-array cache-miss
174 http fetch GET 200 https://registry.npmjs.org/@eslint%2fconfig-array 75ms (cache miss)
175 silly packumentCache corgi:https://registry.npmjs.org/@eslint%2fconfig-array set size:undefined disposed:false
176 silly packumentCache corgi:https://registry.npmjs.org/@parcel%2fwatcher cache-miss
177 silly packumentCache corgi:https://registry.npmjs.org/fdir cache-miss
178 silly packumentCache corgi:https://registry.npmjs.org/tinyglobby cache-miss
179 silly packumentCache corgi:https://registry.npmjs.org/vite cache-miss
180 http fetch GET 200 https://registry.npmjs.org/tinyglobby 49ms (cache miss)
181 silly packumentCache corgi:https://registry.npmjs.org/tinyglobby set size:undefined disposed:false
182 http fetch GET 200 https://registry.npmjs.org/fdir 74ms (cache miss)
183 silly packumentCache corgi:https://registry.npmjs.org/fdir set size:undefined disposed:false
184 http fetch GET 200 https://registry.npmjs.org/@parcel%2fwatcher 97ms (cache miss)
185 silly packumentCache corgi:https://registry.npmjs.org/@parcel%2fwatcher set size:undefined disposed:false
186 http fetch GET 200 https://registry.npmjs.org/vite 132ms (cache miss)
187 silly packumentCache corgi:https://registry.npmjs.org/vite set size:undefined disposed:false
188 silly ADD
189 silly ADD
190 silly ADD
191 silly ADD
192 silly ADD
193 silly ADD
194 silly ADD
195 silly ADD
196 silly ADD
197 silly ADD
198 silly ADD
199 silly ADD
200 silly ADD
201 silly ADD
202 silly ADD
203 silly ADD
204 silly ADD
205 silly ADD
206 silly ADD
207 silly ADD
208 silly ADD
209 silly ADD
210 silly ADD
211 silly ADD
212 silly ADD
213 silly ADD
214 silly ADD
215 silly ADD
216 silly ADD
217 silly ADD
218 silly ADD
219 silly ADD
220 silly ADD
221 silly ADD
222 silly ADD
223 silly ADD
224 silly ADD
225 silly ADD
226 silly ADD
227 silly ADD
228 silly ADD
229 silly ADD
230 silly ADD
231 silly ADD
232 silly ADD
233 silly ADD
234 silly ADD
235 silly ADD
236 silly ADD
237 silly ADD
238 silly ADD
239 silly ADD
240 silly ADD
241 silly ADD
242 silly ADD
243 silly ADD
244 silly ADD
245 silly ADD
246 silly ADD
247 silly ADD
248 silly ADD
249 verbose cwd D:\Jignesh\Coding\Web development course\AI for Growth\interview-ai\Frontend
250 verbose os Windows_NT 10.0.19045
251 verbose node v22.12.0
252 verbose npm  v10.9.0
253 verbose exit 0
254 info ok
