0 verbose cli C:\Program Files\nodejs\node.exe C:\Program Files\nodejs\node_modules\npm\bin\npm-cli.js
1 info using npm@10.9.0
2 info using node@v22.12.0
3 silly config load:file:C:\Program Files\nodejs\node_modules\npm\npmrc
4 silly config load:file:D:\Jignesh\Coding\Web development course\AI for Growth\interview-ai\.npmrc
5 silly config load:file:C:\Users\Makwana's Com\.npmrc
6 silly config load:file:C:\Users\Makwana's Com\AppData\Roaming\npm\etc\npmrc
7 verbose title npm run build
8 verbose argv "run" "build"
9 verbose logfile logs-max:10 dir:D:\Jignesh\Coding\Web development course\AI for Growth\interview-ai\npm-cache\_logs\2026-04-01T14_54_06_056Z-
10 verbose logfile D:\Jignesh\Coding\Web development course\AI for Growth\interview-ai\npm-cache\_logs\2026-04-01T14_54_06_056Z-debug-0.log
11 silly logfile done cleaning log files
12 http fetch GET 200 https://registry.npmjs.org/npm 349ms
13 verbose cwd D:\Jignesh\Coding\Web development course\AI for Growth\interview-ai
14 verbose os Windows_NT 10.0.19045
15 verbose node v22.12.0
16 verbose npm  v10.9.0
17 notice
17 notice New [31mmajor[39m version of npm available! [31m10.9.0[39m -> [34m11.12.1[39m
17 notice Changelog: [34mhttps://github.com/npm/cli/releases/tag/v11.12.1[39m
17 notice To update run: [4mnpm install -g npm@11.12.1[24m
17 notice  { force: true, [Symbol(proc-log.meta)]: true }
18 verbose exit 0
19 info ok
