0 verbose cli C:\Program Files\nodejs\node.exe C:\Program Files\nodejs\node_modules\npm\bin\npm-cli.js
1 info using npm@10.9.0
2 info using node@v22.12.0
3 silly config load:file:C:\Program Files\nodejs\node_modules\npm\npmrc
4 silly config load:file:D:\Jignesh\Coding\Web development course\AI for Growth\interview-ai\.npmrc
5 silly config load:file:C:\Users\Makwana's Com\.npmrc
6 silly config load:file:C:\Users\Makwana's Com\AppData\Roaming\npm\etc\npmrc
7 verbose title npm install express@4.21.2
8 verbose argv "install" "express@4.21.2" "--save"
9 verbose logfile logs-max:10 dir:D:\Jignesh\Coding\Web development course\AI for Growth\interview-ai\npm-cache\_logs\2026-04-01T15_38_44_446Z-
10 verbose logfile D:\Jignesh\Coding\Web development course\AI for Growth\interview-ai\npm-cache\_logs\2026-04-01T15_38_44_446Z-debug-0.log
11 silly logfile done cleaning log files
12 silly packumentCache heap:2197815296 maxSize:549453824 maxEntrySize:274726912
13 silly idealTree buildDeps
14 silly fetch manifest express@4.21.2
15 silly packumentCache full:https://registry.npmjs.org/express cache-miss
16 http fetch GET 200 https://registry.npmjs.org/express 229ms (cache miss)
17 silly packumentCache full:https://registry.npmjs.org/express set size:undefined disposed:false
18 silly placeDep ROOT express@4.21.2 OK for: interview-ai@1.0.0 want: 4.21.2
19 silly fetch manifest qs@6.13.0
20 silly packumentCache full:https://registry.npmjs.org/qs cache-miss
21 silly fetch manifest depd@2.0.0
22 silly packumentCache full:https://registry.npmjs.org/depd cache-miss
23 silly fetch manifest etag@~1.8.1
24 silly packumentCache full:https://registry.npmjs.org/etag cache-miss
25 http fetch GET 200 https://registry.npmjs.org/qs 60ms (cache miss)
26 silly packumentCache full:https://registry.npmjs.org/qs set size:undefined disposed:false
27 silly fetch manifest send@0.19.0
28 silly packumentCache full:https://registry.npmjs.org/send cache-miss
29 http fetch GET 200 https://registry.npmjs.org/etag 82ms (cache miss)
30 silly packumentCache full:https://registry.npmjs.org/etag set size:undefined disposed:false
31 silly fetch manifest vary@~1.1.2
32 silly packumentCache full:https://registry.npmjs.org/vary cache-miss
33 http fetch GET 200 https://registry.npmjs.org/depd 94ms (cache miss)
34 silly packumentCache full:https://registry.npmjs.org/depd set size:undefined disposed:false
35 silly fetch manifest debug@2.6.9
36 silly packumentCache full:https://registry.npmjs.org/debug cache-miss
37 http fetch GET 200 https://registry.npmjs.org/send 55ms (cache miss)
38 silly packumentCache full:https://registry.npmjs.org/send set size:undefined disposed:false
39 silly fetch manifest fresh@0.5.2
40 silly packumentCache full:https://registry.npmjs.org/fresh cache-miss
41 http fetch GET 200 https://registry.npmjs.org/vary 52ms (cache miss)
42 silly packumentCache full:https://registry.npmjs.org/vary set size:undefined disposed:false
43 silly fetch manifest cookie@0.7.1
44 silly packumentCache full:https://registry.npmjs.org/cookie cache-miss
45 http fetch GET 200 https://registry.npmjs.org/debug 62ms (cache miss)
46 silly packumentCache full:https://registry.npmjs.org/debug set size:undefined disposed:false
47 silly fetch manifest accepts@~1.3.8
48 silly packumentCache full:https://registry.npmjs.org/accepts cache-miss
49 http fetch GET 200 https://registry.npmjs.org/fresh 55ms (cache miss)
50 silly packumentCache full:https://registry.npmjs.org/fresh set size:undefined disposed:false
51 silly fetch manifest methods@~1.1.2
52 silly packumentCache full:https://registry.npmjs.org/methods cache-miss
53 http fetch GET 200 https://registry.npmjs.org/cookie 48ms (cache miss)
54 silly packumentCache full:https://registry.npmjs.org/cookie set size:undefined disposed:false
55 silly fetch manifest type-is@~1.6.18
56 silly packumentCache full:https://registry.npmjs.org/type-is cache-miss
57 http fetch GET 200 https://registry.npmjs.org/accepts 41ms (cache miss)
58 silly packumentCache full:https://registry.npmjs.org/accepts set size:undefined disposed:false
59 silly fetch manifest parseurl@~1.3.3
60 silly packumentCache full:https://registry.npmjs.org/parseurl cache-miss
61 http fetch GET 200 https://registry.npmjs.org/methods 45ms (cache miss)
62 silly packumentCache full:https://registry.npmjs.org/methods set size:undefined disposed:false
63 silly fetch manifest statuses@2.0.1
64 silly packumentCache full:https://registry.npmjs.org/statuses cache-miss
65 http fetch GET 200 https://registry.npmjs.org/type-is 41ms (cache miss)
66 silly packumentCache full:https://registry.npmjs.org/type-is set size:undefined disposed:false
67 silly fetch manifest encodeurl@~2.0.0
68 silly packumentCache full:https://registry.npmjs.org/encodeurl cache-miss
69 http fetch GET 200 https://registry.npmjs.org/statuses 36ms (cache miss)
70 silly packumentCache full:https://registry.npmjs.org/statuses set size:undefined disposed:false
71 silly fetch manifest proxy-addr@~2.0.7
72 silly packumentCache full:https://registry.npmjs.org/proxy-addr cache-miss
73 http fetch GET 200 https://registry.npmjs.org/encodeurl 40ms (cache miss)
74 silly packumentCache full:https://registry.npmjs.org/encodeurl set size:undefined disposed:false
75 silly fetch manifest body-parser@1.20.3
76 silly packumentCache full:https://registry.npmjs.org/body-parser cache-miss
77 http fetch GET 200 https://registry.npmjs.org/parseurl 74ms (cache miss)
78 silly packumentCache full:https://registry.npmjs.org/parseurl set size:undefined disposed:false
79 silly fetch manifest escape-html@~1.0.3
80 silly packumentCache full:https://registry.npmjs.org/escape-html cache-miss
81 http fetch GET 200 https://registry.npmjs.org/proxy-addr 61ms (cache miss)
82 silly packumentCache full:https://registry.npmjs.org/proxy-addr set size:undefined disposed:false
83 silly fetch manifest http-errors@2.0.0
84 silly packumentCache full:https://registry.npmjs.org/http-errors cache-miss
85 http fetch GET 200 https://registry.npmjs.org/escape-html 50ms (cache miss)
86 silly packumentCache full:https://registry.npmjs.org/escape-html set size:undefined disposed:false
87 silly fetch manifest on-finished@2.4.1
88 silly packumentCache full:https://registry.npmjs.org/on-finished cache-miss
89 http fetch GET 200 https://registry.npmjs.org/body-parser 60ms (cache miss)
90 silly packumentCache full:https://registry.npmjs.org/body-parser set size:undefined disposed:false
91 silly fetch manifest safe-buffer@5.2.1
92 silly packumentCache full:https://registry.npmjs.org/safe-buffer cache-miss
93 http fetch GET 200 https://registry.npmjs.org/on-finished 35ms (cache miss)
94 silly packumentCache full:https://registry.npmjs.org/on-finished set size:undefined disposed:false
95 silly fetch manifest utils-merge@1.0.1
96 silly packumentCache full:https://registry.npmjs.org/utils-merge cache-miss
97 http fetch GET 200 https://registry.npmjs.org/http-errors 47ms (cache miss)
98 silly packumentCache full:https://registry.npmjs.org/http-errors set size:undefined disposed:false
99 silly fetch manifest content-type@~1.0.4
100 silly packumentCache full:https://registry.npmjs.org/content-type cache-miss
101 http fetch GET 200 https://registry.npmjs.org/safe-buffer 54ms (cache miss)
102 silly packumentCache full:https://registry.npmjs.org/safe-buffer set size:undefined disposed:false
103 silly fetch manifest finalhandler@1.3.1
104 silly packumentCache full:https://registry.npmjs.org/finalhandler cache-miss
105 http fetch GET 200 https://registry.npmjs.org/utils-merge 42ms (cache miss)
106 silly packumentCache full:https://registry.npmjs.org/utils-merge set size:undefined disposed:false
107 silly fetch manifest range-parser@~1.2.1
108 silly packumentCache full:https://registry.npmjs.org/range-parser cache-miss
109 http fetch GET 200 https://registry.npmjs.org/content-type 40ms (cache miss)
110 silly packumentCache full:https://registry.npmjs.org/content-type set size:undefined disposed:false
111 silly fetch manifest serve-static@1.16.2
112 silly packumentCache full:https://registry.npmjs.org/serve-static cache-miss
113 http fetch GET 200 https://registry.npmjs.org/finalhandler 45ms (cache miss)
114 silly packumentCache full:https://registry.npmjs.org/finalhandler set size:undefined disposed:false
115 silly fetch manifest array-flatten@1.1.1
116 silly packumentCache full:https://registry.npmjs.org/array-flatten cache-miss
117 http fetch GET 200 https://registry.npmjs.org/range-parser 49ms (cache miss)
118 silly packumentCache full:https://registry.npmjs.org/range-parser set size:undefined disposed:false
119 silly fetch manifest path-to-regexp@0.1.12
120 silly packumentCache full:https://registry.npmjs.org/path-to-regexp cache-miss
121 http fetch GET 200 https://registry.npmjs.org/serve-static 57ms (cache miss)
122 silly packumentCache full:https://registry.npmjs.org/serve-static set size:undefined disposed:false
123 silly fetch manifest setprototypeof@1.2.0
124 silly packumentCache full:https://registry.npmjs.org/setprototypeof cache-miss
125 http fetch GET 200 https://registry.npmjs.org/array-flatten 55ms (cache miss)
126 silly packumentCache full:https://registry.npmjs.org/array-flatten set size:undefined disposed:false
127 silly fetch manifest cookie-signature@1.0.6
128 silly packumentCache full:https://registry.npmjs.org/cookie-signature cache-miss
129 http fetch GET 200 https://registry.npmjs.org/setprototypeof 39ms (cache miss)
130 silly packumentCache full:https://registry.npmjs.org/setprototypeof set size:undefined disposed:false
131 silly fetch manifest merge-descriptors@1.0.3
132 silly packumentCache full:https://registry.npmjs.org/merge-descriptors cache-miss
133 http fetch GET 200 https://registry.npmjs.org/path-to-regexp 62ms (cache miss)
134 silly packumentCache full:https://registry.npmjs.org/path-to-regexp set size:undefined disposed:false
135 silly fetch manifest content-disposition@0.5.4
136 silly packumentCache full:https://registry.npmjs.org/content-disposition cache-miss
137 http fetch GET 200 https://registry.npmjs.org/cookie-signature 38ms (cache miss)
138 silly packumentCache full:https://registry.npmjs.org/cookie-signature set size:undefined disposed:false
139 http fetch GET 200 https://registry.npmjs.org/merge-descriptors 42ms (cache miss)
140 silly packumentCache full:https://registry.npmjs.org/merge-descriptors set size:undefined disposed:false
141 http fetch GET 200 https://registry.npmjs.org/content-disposition 44ms (cache miss)
142 silly packumentCache full:https://registry.npmjs.org/content-disposition set size:undefined disposed:false
143 silly placeDep ROOT accepts@1.3.8 OK for: express@4.21.2 want: ~1.3.8
144 silly placeDep ROOT array-flatten@1.1.1 OK for: express@4.21.2 want: 1.1.1
145 silly placeDep ROOT body-parser@1.20.3 OK for: express@4.21.2 want: 1.20.3
146 silly placeDep ROOT content-disposition@0.5.4 OK for: express@4.21.2 want: 0.5.4
147 silly placeDep ROOT content-type@1.0.5 OK for: express@4.21.2 want: ~1.0.4
148 silly placeDep ROOT cookie@0.7.1 OK for: express@4.21.2 want: 0.7.1
149 silly placeDep ROOT cookie-signature@1.0.6 OK for: express@4.21.2 want: 1.0.6
150 silly placeDep ROOT debug@2.6.9 OK for: express@4.21.2 want: 2.6.9
151 silly placeDep ROOT depd@2.0.0 OK for: express@4.21.2 want: 2.0.0
152 silly placeDep ROOT encodeurl@2.0.0 OK for: express@4.21.2 want: ~2.0.0
153 silly placeDep ROOT escape-html@1.0.3 OK for: express@4.21.2 want: ~1.0.3
154 silly placeDep ROOT etag@1.8.1 OK for: express@4.21.2 want: ~1.8.1
155 silly placeDep ROOT finalhandler@1.3.1 OK for: express@4.21.2 want: 1.3.1
156 silly placeDep ROOT fresh@0.5.2 OK for: express@4.21.2 want: 0.5.2
157 silly placeDep ROOT http-errors@2.0.0 OK for: express@4.21.2 want: 2.0.0
158 silly placeDep ROOT merge-descriptors@1.0.3 OK for: express@4.21.2 want: 1.0.3
159 silly placeDep ROOT methods@1.1.2 OK for: express@4.21.2 want: ~1.1.2
160 silly placeDep ROOT on-finished@2.4.1 OK for: express@4.21.2 want: 2.4.1
161 silly placeDep ROOT parseurl@1.3.3 OK for: express@4.21.2 want: ~1.3.3
162 silly placeDep ROOT path-to-regexp@0.1.12 OK for: express@4.21.2 want: 0.1.12
163 silly placeDep ROOT proxy-addr@2.0.7 OK for: express@4.21.2 want: ~2.0.7
164 silly placeDep ROOT qs@6.13.0 OK for: express@4.21.2 want: 6.13.0
165 silly placeDep ROOT range-parser@1.2.1 OK for: express@4.21.2 want: ~1.2.1
166 silly placeDep ROOT safe-buffer@5.2.1 OK for: express@4.21.2 want: 5.2.1
167 silly placeDep ROOT send@0.19.0 OK for: express@4.21.2 want: 0.19.0
168 silly placeDep ROOT serve-static@1.16.2 OK for: express@4.21.2 want: 1.16.2
169 silly placeDep ROOT setprototypeof@1.2.0 OK for: express@4.21.2 want: 1.2.0
170 silly placeDep ROOT statuses@2.0.1 OK for: express@4.21.2 want: 2.0.1
171 silly placeDep ROOT type-is@1.6.18 OK for: express@4.21.2 want: ~1.6.18
172 silly placeDep ROOT utils-merge@1.0.1 OK for: express@4.21.2 want: 1.0.1
173 silly placeDep ROOT vary@1.1.2 OK for: express@4.21.2 want: ~1.1.2
174 silly fetch manifest mime-types@~2.1.34
175 silly packumentCache full:https://registry.npmjs.org/mime-types cache-miss
176 silly fetch manifest negotiator@0.6.3
177 silly packumentCache full:https://registry.npmjs.org/negotiator cache-miss
178 silly fetch manifest bytes@3.1.2
179 silly packumentCache full:https://registry.npmjs.org/bytes cache-miss
180 http fetch GET 200 https://registry.npmjs.org/negotiator 40ms (cache miss)
181 silly packumentCache full:https://registry.npmjs.org/negotiator set size:undefined disposed:false
182 silly fetch manifest unpipe@1.0.0
183 silly packumentCache full:https://registry.npmjs.org/unpipe cache-miss
184 http fetch GET 200 https://registry.npmjs.org/mime-types 51ms (cache miss)
185 silly packumentCache full:https://registry.npmjs.org/mime-types set size:undefined disposed:false
186 silly fetch manifest destroy@1.2.0
187 silly packumentCache full:https://registry.npmjs.org/destroy cache-miss
188 http fetch GET 200 https://registry.npmjs.org/bytes 60ms (cache miss)
189 silly packumentCache full:https://registry.npmjs.org/bytes set size:undefined disposed:false
190 silly fetch manifest raw-body@2.5.2
191 silly packumentCache full:https://registry.npmjs.org/raw-body cache-miss
192 http fetch GET 200 https://registry.npmjs.org/unpipe 38ms (cache miss)
193 silly packumentCache full:https://registry.npmjs.org/unpipe set size:undefined disposed:false
194 silly fetch manifest iconv-lite@0.4.24
195 silly packumentCache full:https://registry.npmjs.org/iconv-lite cache-miss
196 http fetch GET 200 https://registry.npmjs.org/destroy 42ms (cache miss)
197 silly packumentCache full:https://registry.npmjs.org/destroy set size:undefined disposed:false
198 silly fetch manifest content-type@~1.0.5
199 silly packumentCache full:https://registry.npmjs.org/content-type cache-miss
200 http fetch GET 200 https://registry.npmjs.org/content-type 22ms (cache hit)
201 silly packumentCache full:https://registry.npmjs.org/content-type set size:17311 disposed:false
202 silly fetch manifest ms@2.0.0
203 silly packumentCache full:https://registry.npmjs.org/ms cache-miss
204 http fetch GET 200 https://registry.npmjs.org/raw-body 65ms (cache miss)
205 silly packumentCache full:https://registry.npmjs.org/raw-body set size:undefined disposed:false
206 silly fetch manifest unpipe@~1.0.0
207 silly packumentCache full:https://registry.npmjs.org/unpipe cache-miss
208 http fetch GET 200 https://registry.npmjs.org/iconv-lite 51ms (cache miss)
209 silly packumentCache full:https://registry.npmjs.org/iconv-lite set size:undefined disposed:false
210 silly fetch manifest inherits@2.0.4
211 silly packumentCache full:https://registry.npmjs.org/inherits cache-miss
212 http fetch GET 200 https://registry.npmjs.org/unpipe 19ms (cache hit)
213 silly packumentCache full:https://registry.npmjs.org/unpipe set size:3609 disposed:false
214 silly fetch manifest toidentifier@1.0.1
215 silly packumentCache full:https://registry.npmjs.org/toidentifier cache-miss
216 http fetch GET 200 https://registry.npmjs.org/ms 53ms (cache miss)
217 silly packumentCache full:https://registry.npmjs.org/ms set size:undefined disposed:false
218 silly fetch manifest ee-first@1.1.1
219 silly packumentCache full:https://registry.npmjs.org/ee-first cache-miss
220 http fetch GET 200 https://registry.npmjs.org/toidentifier 34ms (cache miss)
221 silly packumentCache full:https://registry.npmjs.org/toidentifier set size:undefined disposed:false
222 silly fetch manifest forwarded@0.2.0
223 silly packumentCache full:https://registry.npmjs.org/forwarded cache-miss
224 http fetch GET 200 https://registry.npmjs.org/inherits 48ms (cache miss)
225 silly packumentCache full:https://registry.npmjs.org/inherits set size:undefined disposed:false
226 silly fetch manifest ipaddr.js@1.9.1
227 silly packumentCache full:https://registry.npmjs.org/ipaddr.js cache-miss
228 http fetch GET 200 https://registry.npmjs.org/ee-first 44ms (cache miss)
229 silly packumentCache full:https://registry.npmjs.org/ee-first set size:undefined disposed:false
230 silly fetch manifest side-channel@^1.0.6
231 silly packumentCache full:https://registry.npmjs.org/side-channel cache-miss
232 http fetch GET 200 https://registry.npmjs.org/forwarded 46ms (cache miss)
233 silly packumentCache full:https://registry.npmjs.org/forwarded set size:undefined disposed:false
234 silly fetch manifest ms@2.1.3
235 silly packumentCache full:https://registry.npmjs.org/ms cache-miss
236 http fetch GET 200 https://registry.npmjs.org/ipaddr.js 55ms (cache miss)
237 silly packumentCache full:https://registry.npmjs.org/ipaddr.js set size:undefined disposed:false
238 silly fetch manifest mime@1.6.0
239 silly packumentCache full:https://registry.npmjs.org/mime cache-miss
240 http fetch GET 200 https://registry.npmjs.org/ms 13ms (cache hit)
241 silly packumentCache full:https://registry.npmjs.org/ms set size:92208 disposed:false
242 silly fetch manifest encodeurl@~1.0.2
243 silly packumentCache full:https://registry.npmjs.org/encodeurl cache-miss
244 http fetch GET 200 https://registry.npmjs.org/encodeurl 9ms (cache hit)
245 silly packumentCache full:https://registry.npmjs.org/encodeurl set size:12296 disposed:false
246 silly fetch manifest mime-types@~2.1.24
247 silly packumentCache full:https://registry.npmjs.org/mime-types cache-miss
248 http fetch GET 200 https://registry.npmjs.org/mime-types 8ms (cache hit)
249 silly packumentCache full:https://registry.npmjs.org/mime-types set size:139110 disposed:false
250 silly fetch manifest media-typer@0.3.0
251 silly packumentCache full:https://registry.npmjs.org/media-typer cache-miss
252 http fetch GET 200 https://registry.npmjs.org/mime 46ms (cache miss)
253 silly packumentCache full:https://registry.npmjs.org/mime set size:undefined disposed:false
254 http fetch GET 200 https://registry.npmjs.org/media-typer 44ms (cache miss)
255 silly packumentCache full:https://registry.npmjs.org/media-typer set size:undefined disposed:false
256 http fetch GET 200 https://registry.npmjs.org/side-channel 289ms (cache miss)
257 silly packumentCache full:https://registry.npmjs.org/side-channel set size:undefined disposed:false
258 silly placeDep ROOT mime-types@2.1.35 OK for: accepts@1.3.8 want: ~2.1.34
259 silly placeDep ROOT negotiator@0.6.3 OK for: accepts@1.3.8 want: 0.6.3
260 silly fetch manifest mime-db@1.52.0
261 silly packumentCache full:https://registry.npmjs.org/mime-db cache-miss
262 http fetch GET 200 https://registry.npmjs.org/mime-db 44ms (cache miss)
263 silly packumentCache full:https://registry.npmjs.org/mime-db set size:undefined disposed:false
264 silly placeDep ROOT bytes@3.1.2 OK for: body-parser@1.20.3 want: 3.1.2
265 silly placeDep ROOT destroy@1.2.0 OK for: body-parser@1.20.3 want: 1.2.0
266 silly placeDep ROOT iconv-lite@0.4.24 OK for: body-parser@1.20.3 want: 0.4.24
267 silly placeDep ROOT raw-body@2.5.2 OK for: body-parser@1.20.3 want: 2.5.2
268 silly placeDep ROOT unpipe@1.0.0 OK for: body-parser@1.20.3 want: 1.0.0
269 silly fetch manifest safer-buffer@>= 2.1.2 < 3
270 silly packumentCache full:https://registry.npmjs.org/safer-buffer cache-miss
271 http fetch GET 200 https://registry.npmjs.org/safer-buffer 42ms (cache miss)
272 silly packumentCache full:https://registry.npmjs.org/safer-buffer set size:undefined disposed:false
273 silly placeDep ROOT ms@2.0.0 OK for: debug@2.6.9 want: 2.0.0
274 silly placeDep ROOT inherits@2.0.4 OK for: http-errors@2.0.0 want: 2.0.4
275 silly placeDep ROOT toidentifier@1.0.1 OK for: http-errors@2.0.0 want: 1.0.1
276 silly placeDep ROOT safer-buffer@2.1.2 OK for: iconv-lite@0.4.24 want: >= 2.1.2 < 3
277 silly placeDep ROOT mime-db@1.52.0 OK for: mime-types@2.1.35 want: 1.52.0
278 silly placeDep ROOT ee-first@1.1.1 OK for: on-finished@2.4.1 want: 1.1.1
279 silly placeDep ROOT forwarded@0.2.0 OK for: proxy-addr@2.0.7 want: 0.2.0
280 silly placeDep ROOT ipaddr.js@1.9.1 OK for: proxy-addr@2.0.7 want: 1.9.1
281 silly placeDep ROOT side-channel@1.1.0 OK for: qs@6.13.0 want: ^1.0.6
282 silly fetch manifest es-errors@^1.3.0
283 silly packumentCache full:https://registry.npmjs.org/es-errors cache-miss
284 silly fetch manifest object-inspect@^1.13.3
285 silly packumentCache full:https://registry.npmjs.org/object-inspect cache-miss
286 silly fetch manifest side-channel-list@^1.0.0
287 silly packumentCache full:https://registry.npmjs.org/side-channel-list cache-miss
288 http fetch GET 200 https://registry.npmjs.org/es-errors 58ms (cache miss)
289 silly packumentCache full:https://registry.npmjs.org/es-errors set size:undefined disposed:false
290 silly fetch manifest side-channel-map@^1.0.1
291 silly packumentCache full:https://registry.npmjs.org/side-channel-map cache-miss
292 http fetch GET 200 https://registry.npmjs.org/object-inspect 82ms (cache miss)
293 silly packumentCache full:https://registry.npmjs.org/object-inspect set size:undefined disposed:false
294 silly fetch manifest side-channel-weakmap@^1.0.2
295 silly packumentCache full:https://registry.npmjs.org/side-channel-weakmap cache-miss
296 http fetch GET 200 https://registry.npmjs.org/side-channel-list 87ms (cache miss)
297 silly packumentCache full:https://registry.npmjs.org/side-channel-list set size:undefined disposed:false
298 http fetch GET 200 https://registry.npmjs.org/side-channel-map 40ms (cache miss)
299 silly packumentCache full:https://registry.npmjs.org/side-channel-map set size:undefined disposed:false
300 http fetch GET 200 https://registry.npmjs.org/side-channel-weakmap 38ms (cache miss)
301 silly packumentCache full:https://registry.npmjs.org/side-channel-weakmap set size:undefined disposed:false
302 silly placeDep node_modules/send encodeurl@1.0.2 OK for: send@0.19.0 want: ~1.0.2
303 silly placeDep ROOT mime@1.6.0 OK for: send@0.19.0 want: 1.6.0
304 silly placeDep node_modules/send ms@2.1.3 OK for: send@0.19.0 want: 2.1.3
305 silly placeDep ROOT es-errors@1.3.0 OK for: side-channel@1.1.0 want: ^1.3.0
306 silly placeDep ROOT object-inspect@1.13.4 OK for: side-channel@1.1.0 want: ^1.13.3
307 silly placeDep ROOT side-channel-list@1.0.0 OK for: side-channel@1.1.0 want: ^1.0.0
308 silly placeDep ROOT side-channel-map@1.0.1 OK for: side-channel@1.1.0 want: ^1.0.1
309 silly placeDep ROOT side-channel-weakmap@1.0.2 OK for: side-channel@1.1.0 want: ^1.0.2
310 silly fetch manifest call-bound@^1.0.2
311 silly packumentCache full:https://registry.npmjs.org/call-bound cache-miss
312 silly fetch manifest get-intrinsic@^1.2.5
313 silly packumentCache full:https://registry.npmjs.org/get-intrinsic cache-miss
314 silly fetch manifest call-bound@^1.0.2
315 silly packumentCache full:https://registry.npmjs.org/call-bound cache-miss
316 http fetch GET 200 https://registry.npmjs.org/call-bound 52ms (cache miss)
317 silly packumentCache full:https://registry.npmjs.org/call-bound set size:undefined disposed:false
318 silly fetch manifest get-intrinsic@^1.2.5
319 silly packumentCache full:https://registry.npmjs.org/get-intrinsic cache-miss
320 http fetch GET 200 https://registry.npmjs.org/call-bound 55ms (cache miss)
321 silly packumentCache full:https://registry.npmjs.org/call-bound set size:undefined disposed:false
322 http fetch GET 200 https://registry.npmjs.org/get-intrinsic 58ms (cache miss)
323 silly packumentCache full:https://registry.npmjs.org/get-intrinsic set size:undefined disposed:false
324 http fetch GET 200 https://registry.npmjs.org/get-intrinsic 36ms (cache miss)
325 silly packumentCache full:https://registry.npmjs.org/get-intrinsic set size:undefined disposed:false
326 silly placeDep ROOT call-bound@1.0.4 OK for: side-channel-map@1.0.1 want: ^1.0.2
327 silly placeDep ROOT get-intrinsic@1.3.0 OK for: side-channel-map@1.0.1 want: ^1.2.5
328 silly fetch manifest call-bind-apply-helpers@^1.0.2
329 silly packumentCache full:https://registry.npmjs.org/call-bind-apply-helpers cache-miss
330 silly fetch manifest get-intrinsic@^1.3.0
331 silly packumentCache full:https://registry.npmjs.org/get-intrinsic cache-miss
332 silly fetch manifest gopd@^1.2.0
333 silly packumentCache full:https://registry.npmjs.org/gopd cache-miss
334 http fetch GET 200 https://registry.npmjs.org/get-intrinsic 16ms (cache hit)
335 silly packumentCache full:https://registry.npmjs.org/get-intrinsic set size:60985 disposed:false
336 silly fetch manifest hasown@^2.0.2
337 silly packumentCache full:https://registry.npmjs.org/hasown cache-miss
338 http fetch GET 200 https://registry.npmjs.org/call-bind-apply-helpers 33ms (cache miss)
339 silly packumentCache full:https://registry.npmjs.org/call-bind-apply-helpers set size:undefined disposed:false
340 silly fetch manifest get-proto@^1.0.1
341 silly packumentCache full:https://registry.npmjs.org/get-proto cache-miss
342 http fetch GET 200 https://registry.npmjs.org/gopd 40ms (cache miss)
343 silly packumentCache full:https://registry.npmjs.org/gopd set size:undefined disposed:false
344 silly fetch manifest has-symbols@^1.1.0
345 silly packumentCache full:https://registry.npmjs.org/has-symbols cache-miss
346 http fetch GET 200 https://registry.npmjs.org/hasown 38ms (cache miss)
347 silly packumentCache full:https://registry.npmjs.org/hasown set size:undefined disposed:false
348 silly fetch manifest function-bind@^1.1.2
349 silly packumentCache full:https://registry.npmjs.org/function-bind cache-miss
350 http fetch GET 200 https://registry.npmjs.org/get-proto 47ms (cache miss)
351 silly packumentCache full:https://registry.npmjs.org/get-proto set size:undefined disposed:false
352 silly fetch manifest es-object-atoms@^1.1.1
353 silly packumentCache full:https://registry.npmjs.org/es-object-atoms cache-miss
354 http fetch GET 200 https://registry.npmjs.org/function-bind 43ms (cache miss)
355 silly packumentCache full:https://registry.npmjs.org/function-bind set size:undefined disposed:false
356 silly fetch manifest math-intrinsics@^1.1.0
357 silly packumentCache full:https://registry.npmjs.org/math-intrinsics cache-miss
358 http fetch GET 200 https://registry.npmjs.org/has-symbols 69ms (cache miss)
359 silly packumentCache full:https://registry.npmjs.org/has-symbols set size:undefined disposed:false
360 silly fetch manifest es-define-property@^1.0.1
361 silly packumentCache full:https://registry.npmjs.org/es-define-property cache-miss
362 http fetch GET 200 https://registry.npmjs.org/es-object-atoms 40ms (cache miss)
363 silly packumentCache full:https://registry.npmjs.org/es-object-atoms set size:undefined disposed:false
364 http fetch GET 200 https://registry.npmjs.org/math-intrinsics 53ms (cache miss)
365 silly packumentCache full:https://registry.npmjs.org/math-intrinsics set size:undefined disposed:false
366 http fetch GET 200 https://registry.npmjs.org/es-define-property 44ms (cache miss)
367 silly packumentCache full:https://registry.npmjs.org/es-define-property set size:undefined disposed:false
368 silly placeDep ROOT call-bind-apply-helpers@1.0.2 OK for: call-bound@1.0.4 want: ^1.0.2
369 silly placeDep ROOT function-bind@1.1.2 OK for: call-bind-apply-helpers@1.0.2 want: ^1.1.2
370 silly placeDep ROOT es-define-property@1.0.1 OK for: get-intrinsic@1.3.0 want: ^1.0.1
371 silly placeDep ROOT es-object-atoms@1.1.1 OK for: get-intrinsic@1.3.0 want: ^1.1.1
372 silly placeDep ROOT get-proto@1.0.1 OK for: get-intrinsic@1.3.0 want: ^1.0.1
373 silly placeDep ROOT gopd@1.2.0 OK for: get-intrinsic@1.3.0 want: ^1.2.0
374 silly placeDep ROOT has-symbols@1.1.0 OK for: get-intrinsic@1.3.0 want: ^1.1.0
375 silly placeDep ROOT hasown@2.0.2 OK for: get-intrinsic@1.3.0 want: ^2.0.2
376 silly placeDep ROOT math-intrinsics@1.1.0 OK for: get-intrinsic@1.3.0 want: ^1.1.0
377 silly fetch manifest dunder-proto@^1.0.1
378 silly packumentCache full:https://registry.npmjs.org/dunder-proto cache-miss
379 http fetch GET 200 https://registry.npmjs.org/dunder-proto 32ms (cache miss)
380 silly packumentCache full:https://registry.npmjs.org/dunder-proto set size:undefined disposed:false
381 silly placeDep ROOT dunder-proto@1.0.1 OK for: get-proto@1.0.1 want: ^1.0.1
382 silly placeDep ROOT media-typer@0.3.0 OK for: type-is@1.6.18 want: 0.3.0
383 silly reify moves {}
384 silly audit bulk request {
384 silly audit   express: [ '4.21.2' ],
384 silly audit   accepts: [ '1.3.8' ],
384 silly audit   'array-flatten': [ '1.1.1' ],
384 silly audit   'body-parser': [ '1.20.3' ],
384 silly audit   'content-disposition': [ '0.5.4' ],
384 silly audit   'content-type': [ '1.0.5' ],
384 silly audit   cookie: [ '0.7.1' ],
384 silly audit   'cookie-signature': [ '1.0.6' ],
384 silly audit   debug: [ '2.6.9' ],
384 silly audit   depd: [ '2.0.0' ],
384 silly audit   encodeurl: [ '2.0.0', '1.0.2' ],
384 silly audit   'escape-html': [ '1.0.3' ],
384 silly audit   etag: [ '1.8.1' ],
384 silly audit   finalhandler: [ '1.3.1' ],
384 silly audit   fresh: [ '0.5.2' ],
384 silly audit   'http-errors': [ '2.0.0' ],
384 silly audit   'merge-descriptors': [ '1.0.3' ],
384 silly audit   methods: [ '1.1.2' ],
384 silly audit   'on-finished': [ '2.4.1' ],
384 silly audit   parseurl: [ '1.3.3' ],
384 silly audit   'path-to-regexp': [ '0.1.12' ],
384 silly audit   'proxy-addr': [ '2.0.7' ],
384 silly audit   qs: [ '6.13.0' ],
384 silly audit   'range-parser': [ '1.2.1' ],
384 silly audit   'safe-buffer': [ '5.2.1' ],
384 silly audit   send: [ '0.19.0' ],
384 silly audit   'serve-static': [ '1.16.2' ],
384 silly audit   setprototypeof: [ '1.2.0' ],
384 silly audit   statuses: [ '2.0.1' ],
384 silly audit   'type-is': [ '1.6.18' ],
384 silly audit   'utils-merge': [ '1.0.1' ],
384 silly audit   vary: [ '1.1.2' ],
384 silly audit   'mime-types': [ '2.1.35' ],
384 silly audit   negotiator: [ '0.6.3' ],
384 silly audit   bytes: [ '3.1.2' ],
384 silly audit   destroy: [ '1.2.0' ],
384 silly audit   'iconv-lite': [ '0.4.24' ],
384 silly audit   'raw-body': [ '2.5.2' ],
384 silly audit   unpipe: [ '1.0.0' ],
384 silly audit   ms: [ '2.0.0', '2.1.3' ],
384 silly audit   inherits: [ '2.0.4' ],
384 silly audit   toidentifier: [ '1.0.1' ],
384 silly audit   'safer-buffer': [ '2.1.2' ],
384 silly audit   'mime-db': [ '1.52.0' ],
384 silly audit   'ee-first': [ '1.1.1' ],
384 silly audit   forwarded: [ '0.2.0' ],
384 silly audit   'ipaddr.js': [ '1.9.1' ],
384 silly audit   'side-channel': [ '1.1.0' ],
384 silly audit   mime: [ '1.6.0' ],
384 silly audit   'es-errors': [ '1.3.0' ],
384 silly audit   'object-inspect': [ '1.13.4' ],
384 silly audit   'side-channel-list': [ '1.0.0' ],
384 silly audit   'side-channel-map': [ '1.0.1' ],
384 silly audit   'side-channel-weakmap': [ '1.0.2' ],
384 silly audit   'call-bound': [ '1.0.4' ],
384 silly audit   'get-intrinsic': [ '1.3.0' ],
384 silly audit   'call-bind-apply-helpers': [ '1.0.2' ],
384 silly audit   'function-bind': [ '1.1.2' ],
384 silly audit   'es-define-property': [ '1.0.1' ],
384 silly audit   'es-object-atoms': [ '1.1.1' ],
384 silly audit   'get-proto': [ '1.0.1' ],
384 silly audit   gopd: [ '1.2.0' ],
384 silly audit   'has-symbols': [ '1.1.0' ],
384 silly audit   hasown: [ '2.0.2' ],
384 silly audit   'math-intrinsics': [ '1.1.0' ],
384 silly audit   'dunder-proto': [ '1.0.1' ],
384 silly audit   'media-typer': [ '0.3.0' ]
384 silly audit }
385 silly tarball no local data for media-typer@https://registry.npmjs.org/media-typer/-/media-typer-0.3.0.tgz. Extracting by manifest.
386 silly tarball no local data for dunder-proto@https://registry.npmjs.org/dunder-proto/-/dunder-proto-1.0.1.tgz. Extracting by manifest.
387 silly tarball no local data for hasown@https://registry.npmjs.org/hasown/-/hasown-2.0.2.tgz. Extracting by manifest.
388 silly tarball no local data for has-symbols@https://registry.npmjs.org/has-symbols/-/has-symbols-1.1.0.tgz. Extracting by manifest.
389 silly tarball no local data for math-intrinsics@https://registry.npmjs.org/math-intrinsics/-/math-intrinsics-1.1.0.tgz. Extracting by manifest.
390 silly tarball no local data for gopd@https://registry.npmjs.org/gopd/-/gopd-1.2.0.tgz. Extracting by manifest.
391 silly tarball no local data for get-proto@https://registry.npmjs.org/get-proto/-/get-proto-1.0.1.tgz. Extracting by manifest.
392 silly tarball no local data for es-object-atoms@https://registry.npmjs.org/es-object-atoms/-/es-object-atoms-1.1.1.tgz. Extracting by manifest.
393 silly tarball no local data for function-bind@https://registry.npmjs.org/function-bind/-/function-bind-1.1.2.tgz. Extracting by manifest.
394 silly tarball no local data for es-define-property@https://registry.npmjs.org/es-define-property/-/es-define-property-1.0.1.tgz. Extracting by manifest.
395 silly tarball no local data for call-bind-apply-helpers@https://registry.npmjs.org/call-bind-apply-helpers/-/call-bind-apply-helpers-1.0.2.tgz. Extracting by manifest.
396 silly tarball no local data for call-bound@https://registry.npmjs.org/call-bound/-/call-bound-1.0.4.tgz. Extracting by manifest.
397 silly tarball no local data for get-intrinsic@https://registry.npmjs.org/get-intrinsic/-/get-intrinsic-1.3.0.tgz. Extracting by manifest.
398 silly tarball no local data for side-channel-weakmap@https://registry.npmjs.org/side-channel-weakmap/-/side-channel-weakmap-1.0.2.tgz. Extracting by manifest.
399 silly tarball no local data for side-channel-list@https://registry.npmjs.org/side-channel-list/-/side-channel-list-1.0.0.tgz. Extracting by manifest.
400 silly tarball no local data for side-channel-map@https://registry.npmjs.org/side-channel-map/-/side-channel-map-1.0.1.tgz. Extracting by manifest.
401 silly tarball no local data for object-inspect@https://registry.npmjs.org/object-inspect/-/object-inspect-1.13.4.tgz. Extracting by manifest.
402 silly tarball no local data for es-errors@https://registry.npmjs.org/es-errors/-/es-errors-1.3.0.tgz. Extracting by manifest.
403 silly tarball no local data for side-channel@https://registry.npmjs.org/side-channel/-/side-channel-1.1.0.tgz. Extracting by manifest.
404 silly tarball no local data for mime@https://registry.npmjs.org/mime/-/mime-1.6.0.tgz. Extracting by manifest.
405 silly tarball no local data for ipaddr.js@https://registry.npmjs.org/ipaddr.js/-/ipaddr.js-1.9.1.tgz. Extracting by manifest.
406 silly tarball no local data for forwarded@https://registry.npmjs.org/forwarded/-/forwarded-0.2.0.tgz. Extracting by manifest.
407 silly tarball no local data for mime-db@https://registry.npmjs.org/mime-db/-/mime-db-1.52.0.tgz. Extracting by manifest.
408 silly tarball no local data for ee-first@https://registry.npmjs.org/ee-first/-/ee-first-1.1.1.tgz. Extracting by manifest.
409 silly tarball no local data for inherits@https://registry.npmjs.org/inherits/-/inherits-2.0.4.tgz. Extracting by manifest.
410 silly tarball no local data for toidentifier@https://registry.npmjs.org/toidentifier/-/toidentifier-1.0.1.tgz. Extracting by manifest.
411 silly tarball no local data for safer-buffer@https://registry.npmjs.org/safer-buffer/-/safer-buffer-2.1.2.tgz. Extracting by manifest.
412 silly tarball no local data for ms@https://registry.npmjs.org/ms/-/ms-2.0.0.tgz. Extracting by manifest.
413 silly tarball no local data for bytes@https://registry.npmjs.org/bytes/-/bytes-3.1.2.tgz. Extracting by manifest.
414 silly tarball no local data for iconv-lite@https://registry.npmjs.org/iconv-lite/-/iconv-lite-0.4.24.tgz. Extracting by manifest.
415 silly tarball no local data for unpipe@https://registry.npmjs.org/unpipe/-/unpipe-1.0.0.tgz. Extracting by manifest.
416 silly tarball no local data for destroy@https://registry.npmjs.org/destroy/-/destroy-1.2.0.tgz. Extracting by manifest.
417 silly tarball no local data for raw-body@https://registry.npmjs.org/raw-body/-/raw-body-2.5.2.tgz. Extracting by manifest.
418 silly tarball no local data for utils-merge@https://registry.npmjs.org/utils-merge/-/utils-merge-1.0.1.tgz. Extracting by manifest.
419 silly tarball no local data for vary@https://registry.npmjs.org/vary/-/vary-1.1.2.tgz. Extracting by manifest.
420 silly tarball no local data for negotiator@https://registry.npmjs.org/negotiator/-/negotiator-0.6.3.tgz. Extracting by manifest.
421 silly tarball no local data for mime-types@https://registry.npmjs.org/mime-types/-/mime-types-2.1.35.tgz. Extracting by manifest.
422 silly tarball no local data for type-is@https://registry.npmjs.org/type-is/-/type-is-1.6.18.tgz. Extracting by manifest.
423 silly tarball no local data for statuses@https://registry.npmjs.org/statuses/-/statuses-2.0.1.tgz. Extracting by manifest.
424 silly tarball no local data for setprototypeof@https://registry.npmjs.org/setprototypeof/-/setprototypeof-1.2.0.tgz. Extracting by manifest.
425 silly tarball no local data for safe-buffer@https://registry.npmjs.org/safe-buffer/-/safe-buffer-5.2.1.tgz. Extracting by manifest.
426 silly tarball no local data for serve-static@https://registry.npmjs.org/serve-static/-/serve-static-1.16.2.tgz. Extracting by manifest.
427 silly tarball no local data for range-parser@https://registry.npmjs.org/range-parser/-/range-parser-1.2.1.tgz. Extracting by manifest.
428 silly tarball no local data for send@https://registry.npmjs.org/send/-/send-0.19.0.tgz. Extracting by manifest.
429 silly tarball no local data for qs@https://registry.npmjs.org/qs/-/qs-6.13.0.tgz. Extracting by manifest.
430 silly tarball no local data for parseurl@https://registry.npmjs.org/parseurl/-/parseurl-1.3.3.tgz. Extracting by manifest.
431 silly tarball no local data for proxy-addr@https://registry.npmjs.org/proxy-addr/-/proxy-addr-2.0.7.tgz. Extracting by manifest.
432 silly tarball no local data for path-to-regexp@https://registry.npmjs.org/path-to-regexp/-/path-to-regexp-0.1.12.tgz. Extracting by manifest.
433 silly tarball no local data for methods@https://registry.npmjs.org/methods/-/methods-1.1.2.tgz. Extracting by manifest.
434 silly tarball no local data for fresh@https://registry.npmjs.org/fresh/-/fresh-0.5.2.tgz. Extracting by manifest.
435 silly tarball no local data for http-errors@https://registry.npmjs.org/http-errors/-/http-errors-2.0.0.tgz. Extracting by manifest.
436 silly tarball no local data for merge-descriptors@https://registry.npmjs.org/merge-descriptors/-/merge-descriptors-1.0.3.tgz. Extracting by manifest.
437 silly tarball no local data for finalhandler@https://registry.npmjs.org/finalhandler/-/finalhandler-1.3.1.tgz. Extracting by manifest.
438 silly tarball no local data for etag@https://registry.npmjs.org/etag/-/etag-1.8.1.tgz. Extracting by manifest.
439 silly tarball no local data for on-finished@https://registry.npmjs.org/on-finished/-/on-finished-2.4.1.tgz. Extracting by manifest.
440 silly tarball no local data for escape-html@https://registry.npmjs.org/escape-html/-/escape-html-1.0.3.tgz. Extracting by manifest.
441 silly tarball no local data for depd@https://registry.npmjs.org/depd/-/depd-2.0.0.tgz. Extracting by manifest.
442 silly tarball no local data for debug@https://registry.npmjs.org/debug/-/debug-2.6.9.tgz. Extracting by manifest.
443 silly tarball no local data for encodeurl@https://registry.npmjs.org/encodeurl/-/encodeurl-2.0.0.tgz. Extracting by manifest.
444 silly tarball no local data for cookie-signature@https://registry.npmjs.org/cookie-signature/-/cookie-signature-1.0.6.tgz. Extracting by manifest.
445 silly tarball no local data for content-type@https://registry.npmjs.org/content-type/-/content-type-1.0.5.tgz. Extracting by manifest.
446 silly tarball no local data for cookie@https://registry.npmjs.org/cookie/-/cookie-0.7.1.tgz. Extracting by manifest.
447 silly tarball no local data for body-parser@https://registry.npmjs.org/body-parser/-/body-parser-1.20.3.tgz. Extracting by manifest.
448 silly tarball no local data for content-disposition@https://registry.npmjs.org/content-disposition/-/content-disposition-0.5.4.tgz. Extracting by manifest.
449 silly tarball no local data for accepts@https://registry.npmjs.org/accepts/-/accepts-1.3.8.tgz. Extracting by manifest.
450 silly tarball no local data for array-flatten@https://registry.npmjs.org/array-flatten/-/array-flatten-1.1.1.tgz. Extracting by manifest.
451 silly tarball no local data for ms@https://registry.npmjs.org/ms/-/ms-2.1.3.tgz. Extracting by manifest.
452 silly tarball no local data for express@https://registry.npmjs.org/express/-/express-4.21.2.tgz. Extracting by manifest.
453 silly tarball no local data for encodeurl@https://registry.npmjs.org/encodeurl/-/encodeurl-1.0.2.tgz. Extracting by manifest.
454 http fetch POST 200 https://registry.npmjs.org/-/npm/v1/security/advisories/bulk 327ms
455 silly audit report {
455 silly audit report   'path-to-regexp': [
455 silly audit report     {
455 silly audit report       id: 1115527,
455 silly audit report       url: 'https://github.com/advisories/GHSA-37ch-88jc-xwx2',
455 silly audit report       title: 'path-to-regexp vulnerable to Regular Expression Denial of Service via multiple route parameters',
455 silly audit report       severity: 'high',
455 silly audit report       vulnerable_versions: '<0.1.13',
455 silly audit report       cwe: [Array],
455 silly audit report       cvss: [Object]
455 silly audit report     }
455 silly audit report   ],
455 silly audit report   qs: [
455 silly audit report     {
455 silly audit report       id: 1113161,
455 silly audit report       url: 'https://github.com/advisories/GHSA-w7fw-mjwx-w883',
455 silly audit report       title: "qs's arrayLimit bypass in comma parsing allows denial of service",
455 silly audit report       severity: 'low',
455 silly audit report       vulnerable_versions: '>=6.7.0 <=6.14.1',
455 silly audit report       cwe: [Array],
455 silly audit report       cvss: [Object]
455 silly audit report     },
455 silly audit report     {
455 silly audit report       id: 1113719,
455 silly audit report       url: 'https://github.com/advisories/GHSA-6rw7-vpxm-498p',
455 silly audit report       title: "qs's arrayLimit bypass in its bracket notation allows DoS via memory exhaustion",
455 silly audit report       severity: 'moderate',
455 silly audit report       vulnerable_versions: '<6.14.1',
455 silly audit report       cwe: [Array],
455 silly audit report       cvss: [Object]
455 silly audit report     }
455 silly audit report   ]
455 silly audit report }
456 silly packumentCache corgi:https://registry.npmjs.org/path-to-regexp cache-miss
457 silly packumentCache corgi:https://registry.npmjs.org/qs cache-miss
458 http fetch GET 200 https://registry.npmjs.org/media-typer/-/media-typer-0.3.0.tgz 1283ms (cache miss)
459 http fetch GET 200 https://registry.npmjs.org/dunder-proto/-/dunder-proto-1.0.1.tgz 1286ms (cache miss)
460 http fetch GET 200 https://registry.npmjs.org/side-channel-map/-/side-channel-map-1.0.1.tgz 1557ms (cache miss)
461 http fetch GET 200 https://registry.npmjs.org/es-errors/-/es-errors-1.3.0.tgz 1734ms (cache miss)
462 http fetch GET 200 https://registry.npmjs.org/toidentifier/-/toidentifier-1.0.1.tgz 1750ms (cache miss)
463 http fetch GET 200 https://registry.npmjs.org/utils-merge/-/utils-merge-1.0.1.tgz 1745ms (cache miss)
464 http fetch GET 200 https://registry.npmjs.org/mime/-/mime-1.6.0.tgz 1795ms (cache miss)
465 http fetch GET 200 https://registry.npmjs.org/forwarded/-/forwarded-0.2.0.tgz 1799ms (cache miss)
466 http fetch GET 200 https://registry.npmjs.org/safe-buffer/-/safe-buffer-5.2.1.tgz 1798ms (cache miss)
467 http fetch GET 200 https://registry.npmjs.org/ms/-/ms-2.0.0.tgz 1880ms (cache miss)
468 http fetch GET 200 https://registry.npmjs.org/ee-first/-/ee-first-1.1.1.tgz 1882ms (cache miss)
469 http fetch GET 200 https://registry.npmjs.org/inherits/-/inherits-2.0.4.tgz 1882ms (cache miss)
470 http fetch GET 200 https://registry.npmjs.org/destroy/-/destroy-1.2.0.tgz 1878ms (cache miss)
471 http fetch GET 200 https://registry.npmjs.org/unpipe/-/unpipe-1.0.0.tgz 1884ms (cache miss)
472 http fetch GET 200 https://registry.npmjs.org/fresh/-/fresh-0.5.2.tgz 1884ms (cache miss)
473 http fetch GET 200 https://registry.npmjs.org/vary/-/vary-1.1.2.tgz 1932ms (cache miss)
474 http fetch GET 200 https://registry.npmjs.org/escape-html/-/escape-html-1.0.3.tgz 1958ms (cache miss)
475 http fetch GET 200 https://registry.npmjs.org/cookie-signature/-/cookie-signature-1.0.6.tgz 1957ms (cache miss)
476 http fetch GET 200 https://registry.npmjs.org/encodeurl/-/encodeurl-2.0.0.tgz 1958ms (cache miss)
477 http fetch GET 200 https://registry.npmjs.org/path-to-regexp/-/path-to-regexp-0.1.12.tgz 1998ms (cache miss)
478 http fetch GET 200 https://registry.npmjs.org/http-errors/-/http-errors-2.0.0.tgz 2000ms (cache miss)
479 http fetch GET 200 https://registry.npmjs.org/array-flatten/-/array-flatten-1.1.1.tgz 1998ms (cache miss)
480 http fetch GET 200 https://registry.npmjs.org/bytes/-/bytes-3.1.2.tgz 2039ms (cache miss)
481 http fetch GET 200 https://registry.npmjs.org/methods/-/methods-1.1.2.tgz 2031ms (cache miss)
482 http fetch GET 200 https://registry.npmjs.org/range-parser/-/range-parser-1.2.1.tgz 2064ms (cache miss)
483 http fetch GET 200 https://registry.npmjs.org/accepts/-/accepts-1.3.8.tgz 2060ms (cache miss)
484 http fetch GET 200 https://registry.npmjs.org/setprototypeof/-/setprototypeof-1.2.0.tgz 2106ms (cache miss)
485 http fetch GET 200 https://registry.npmjs.org/parseurl/-/parseurl-1.3.3.tgz 2111ms (cache miss)
486 http fetch GET 200 https://registry.npmjs.org/encodeurl/-/encodeurl-1.0.2.tgz 2088ms (cache miss)
487 http fetch GET 200 https://registry.npmjs.org/merge-descriptors/-/merge-descriptors-1.0.3.tgz 2120ms (cache miss)
488 http fetch GET 200 https://registry.npmjs.org/type-is/-/type-is-1.6.18.tgz 2148ms (cache miss)
489 http fetch GET 200 https://registry.npmjs.org/etag/-/etag-1.8.1.tgz 2143ms (cache miss)
490 http fetch GET 200 https://registry.npmjs.org/content-type/-/content-type-1.0.5.tgz 2199ms (cache miss)
491 http fetch GET 200 https://registry.npmjs.org/ms/-/ms-2.1.3.tgz 2196ms (cache miss)
492 http fetch GET 200 https://registry.npmjs.org/statuses/-/statuses-2.0.1.tgz 2220ms (cache miss)
493 http fetch GET 200 https://registry.npmjs.org/mime-types/-/mime-types-2.1.35.tgz 2358ms (cache miss)
494 http fetch GET 200 https://registry.npmjs.org/on-finished/-/on-finished-2.4.1.tgz 2372ms (cache miss)
495 http fetch GET 200 https://registry.npmjs.org/content-disposition/-/content-disposition-0.5.4.tgz 2369ms (cache miss)
496 http fetch GET 200 https://registry.npmjs.org/proxy-addr/-/proxy-addr-2.0.7.tgz 2464ms (cache miss)
497 http fetch GET 200 https://registry.npmjs.org/cookie/-/cookie-0.7.1.tgz 2468ms (cache miss)
498 http fetch GET 200 https://registry.npmjs.org/serve-static/-/serve-static-1.16.2.tgz 2497ms (cache miss)
499 http fetch GET 200 https://registry.npmjs.org/finalhandler/-/finalhandler-1.3.1.tgz 2494ms (cache miss)
500 http fetch GET 200 https://registry.npmjs.org/hasown/-/hasown-2.0.2.tgz 2535ms (cache miss)
501 http fetch GET 200 https://registry.npmjs.org/ipaddr.js/-/ipaddr.js-1.9.1.tgz 2548ms (cache miss)
502 http fetch GET 200 https://registry.npmjs.org/raw-body/-/raw-body-2.5.2.tgz 2541ms (cache miss)
503 http fetch GET 200 https://registry.npmjs.org/depd/-/depd-2.0.0.tgz 2591ms (cache miss)
504 http fetch GET 200 https://registry.npmjs.org/mime-db/-/mime-db-1.52.0.tgz 2681ms (cache miss)
505 http fetch GET 200 https://registry.npmjs.org/es-define-property/-/es-define-property-1.0.1.tgz 2699ms (cache miss)
506 http fetch GET 200 https://registry.npmjs.org/send/-/send-0.19.0.tgz 2679ms (cache miss)
507 http fetch GET 200 https://registry.npmjs.org/path-to-regexp 2448ms (cache miss)
508 silly packumentCache corgi:https://registry.npmjs.org/path-to-regexp set size:undefined disposed:false
509 http fetch GET 200 https://registry.npmjs.org/side-channel-list/-/side-channel-list-1.0.0.tgz 2736ms (cache miss)
510 http fetch GET 200 https://registry.npmjs.org/gopd/-/gopd-1.2.0.tgz 2754ms (cache miss)
511 http fetch GET 200 https://registry.npmjs.org/side-channel/-/side-channel-1.1.0.tgz 2750ms (cache miss)
512 http fetch GET 200 https://registry.npmjs.org/negotiator/-/negotiator-0.6.3.tgz 2737ms (cache miss)
513 http fetch GET 200 https://registry.npmjs.org/side-channel-weakmap/-/side-channel-weakmap-1.0.2.tgz 2763ms (cache miss)
514 http fetch GET 200 https://registry.npmjs.org/safer-buffer/-/safer-buffer-2.1.2.tgz 2761ms (cache miss)
515 http fetch GET 200 https://registry.npmjs.org/get-intrinsic/-/get-intrinsic-1.3.0.tgz 2778ms (cache miss)
516 http fetch GET 200 https://registry.npmjs.org/call-bound/-/call-bound-1.0.4.tgz 2781ms (cache miss)
517 http fetch GET 200 https://registry.npmjs.org/function-bind/-/function-bind-1.1.2.tgz 2785ms (cache miss)
518 http fetch GET 200 https://registry.npmjs.org/qs 2588ms (cache miss)
519 silly packumentCache corgi:https://registry.npmjs.org/qs set size:undefined disposed:false
520 http fetch GET 200 https://registry.npmjs.org/get-proto/-/get-proto-1.0.1.tgz 2880ms (cache miss)
521 http fetch GET 200 https://registry.npmjs.org/body-parser/-/body-parser-1.20.3.tgz 2868ms (cache miss)
522 http fetch GET 200 https://registry.npmjs.org/es-object-atoms/-/es-object-atoms-1.1.1.tgz 2937ms (cache miss)
523 http fetch GET 200 https://registry.npmjs.org/has-symbols/-/has-symbols-1.1.0.tgz 2968ms (cache miss)
524 silly packumentCache corgi:https://registry.npmjs.org/express cache-miss
525 http fetch GET 200 https://registry.npmjs.org/debug/-/debug-2.6.9.tgz 2957ms (cache miss)
526 http fetch GET 200 https://registry.npmjs.org/call-bind-apply-helpers/-/call-bind-apply-helpers-1.0.2.tgz 3024ms (cache miss)
527 http fetch GET 200 https://registry.npmjs.org/qs/-/qs-6.13.0.tgz 3046ms (cache miss)
528 http fetch GET 200 https://registry.npmjs.org/express/-/express-4.21.2.tgz 3279ms (cache miss)
529 http fetch GET 200 https://registry.npmjs.org/express 402ms (cache miss)
530 silly packumentCache corgi:https://registry.npmjs.org/express set size:undefined disposed:false
531 http fetch GET 200 https://registry.npmjs.org/object-inspect/-/object-inspect-1.13.4.tgz 3415ms (cache miss)
532 silly packumentCache corgi:https://registry.npmjs.org/body-parser cache-miss
533 http fetch GET 200 https://registry.npmjs.org/math-intrinsics/-/math-intrinsics-1.1.0.tgz 3501ms (cache miss)
534 http fetch GET 200 https://registry.npmjs.org/iconv-lite/-/iconv-lite-0.4.24.tgz 3482ms (cache miss)
535 http fetch GET 200 https://registry.npmjs.org/body-parser 182ms (cache miss)
536 silly packumentCache corgi:https://registry.npmjs.org/body-parser set size:undefined disposed:false
537 silly ADD node_modules/media-typer
538 silly ADD node_modules/dunder-proto
539 silly ADD node_modules/math-intrinsics
540 silly ADD node_modules/hasown
541 silly ADD node_modules/has-symbols
542 silly ADD node_modules/gopd
543 silly ADD node_modules/get-proto
544 silly ADD node_modules/es-object-atoms
545 silly ADD node_modules/es-define-property
546 silly ADD node_modules/function-bind
547 silly ADD node_modules/call-bind-apply-helpers
548 silly ADD node_modules/get-intrinsic
549 silly ADD node_modules/call-bound
550 silly ADD node_modules/side-channel-weakmap
551 silly ADD node_modules/side-channel-map
552 silly ADD node_modules/side-channel-list
553 silly ADD node_modules/object-inspect
554 silly ADD node_modules/es-errors
555 silly ADD node_modules/mime
556 silly ADD node_modules/side-channel
557 silly ADD node_modules/ipaddr.js
558 silly ADD node_modules/forwarded
559 silly ADD node_modules/ee-first
560 silly ADD node_modules/mime-db
561 silly ADD node_modules/safer-buffer
562 silly ADD node_modules/toidentifier
563 silly ADD node_modules/inherits
564 silly ADD node_modules/ms
565 silly ADD node_modules/unpipe
566 silly ADD node_modules/raw-body
567 silly ADD node_modules/iconv-lite
568 silly ADD node_modules/destroy
569 silly ADD node_modules/bytes
570 silly ADD node_modules/negotiator
571 silly ADD node_modules/mime-types
572 silly ADD node_modules/vary
573 silly ADD node_modules/utils-merge
574 silly ADD node_modules/type-is
575 silly ADD node_modules/statuses
576 silly ADD node_modules/setprototypeof
577 silly ADD node_modules/serve-static
578 silly ADD node_modules/send
579 silly ADD node_modules/send/node_modules/ms
580 silly ADD node_modules/send/node_modules/encodeurl
581 silly ADD node_modules/safe-buffer
582 silly ADD node_modules/range-parser
583 silly ADD node_modules/qs
584 silly ADD node_modules/proxy-addr
585 silly ADD node_modules/path-to-regexp
586 silly ADD node_modules/parseurl
587 silly ADD node_modules/on-finished
588 silly ADD node_modules/methods
589 silly ADD node_modules/merge-descriptors
590 silly ADD node_modules/http-errors
591 silly ADD node_modules/fresh
592 silly ADD node_modules/finalhandler
593 silly ADD node_modules/etag
594 silly ADD node_modules/escape-html
595 silly ADD node_modules/encodeurl
596 silly ADD node_modules/depd
597 silly ADD node_modules/debug
598 silly ADD node_modules/cookie-signature
599 silly ADD node_modules/cookie
600 silly ADD node_modules/content-type
601 silly ADD node_modules/content-disposition
602 silly ADD node_modules/body-parser
603 silly ADD node_modules/array-flatten
604 silly ADD node_modules/accepts
605 silly ADD node_modules/express
606 verbose cwd D:\Jignesh\Coding\Web development course\AI for Growth\interview-ai
607 verbose os Windows_NT 10.0.19045
608 verbose node v22.12.0
609 verbose npm  v10.9.0
610 verbose exit 0
611 info ok
